2026-02-22 14:28:04,398 - INFO - [FETCH-20260222-142804-8AFCBEE7] Starting sportsonline football match scraper...
2026-02-22 14:28:04,398 - INFO - ============================================================
2026-02-22 14:28:04,398 - INFO - [FETCH-20260222-142804-8AFCBEE7] Starting cleanup operations...
2026-02-22 14:28:04,398 - INFO - [FETCH-20260222-142804-8AFCBEE7] Cleaning up old log entries...
2026-02-22 14:28:04,409 - INFO - [FETCH-20260222-142804-8AFCBEE7] Log cleanup complete: Removed 16 old log entries
2026-02-22 14:28:04,409 - INFO - [FETCH-20260222-142804-8AFCBEE7] Fetching matches from sportsonline.gl...
2026-02-22 14:28:05,284 - INFO - [FETCH-20260222-142804-8AFCBEE7] Fetched 39 valid matches from sportsonline.gl
2026-02-22 14:28:05,286 - INFO - [FETCH-20260222-142804-8AFCBEE7] Merging with existing data...
2026-02-22 14:28:05,286 - INFO - [FETCH-20260222-142804-8AFCBEE7] Cleaning up old matches...
2026-02-22 14:28:05,286 - INFO - [FETCH-20260222-142804-8AFCBEE7] Removed old match: Darmstadt 98 vs Fortuna Düsseldorf (21-02-2026 12:00)
2026-02-22 14:28:05,287 - INFO - [FETCH-20260222-142804-8AFCBEE7] Removed old match: Sheffield United vs Sheffield Wednesday (21-02-2026 12:00)
2026-02-22 14:28:05,287 - INFO - [FETCH-20260222-142804-8AFCBEE7] Removed old match: West Bromwich Albion vs Coventry City (21-02-2026 12:30)
2026-02-22 14:28:05,287 - INFO - [FETCH-20260222-142804-8AFCBEE7] Removed old match: West Bromwich Albion vs Coventry City (21-02-2026 12:30)
2026-02-22 14:28:05,287 - INFO - [FETCH-20260222-142804-8AFCBEE7] Removed old match: Stoke City vs Leicester City (21-02-2026 12:30)
2026-02-22 14:28:05,287 - INFO - [FETCH-20260222-142804-8AFCBEE7] Removed old match: Hull City vs Queens Park Rangers (21-02-2026 12:30)
2026-02-22 14:28:05,287 - INFO - [FETCH-20260222-142804-8AFCBEE7] Removed old match: Swansea City vs Bristol City (21-02-2026 12:30)
2026-02-22 14:28:05,287 - INFO - [FETCH-20260222-142804-8AFCBEE7] Removed old match: Real Sociedad vs Real Oviedo (21-02-2026 13:00)
2026-02-22 14:28:05,287 - INFO - [FETCH-20260222-142804-8AFCBEE7] Removed old match: Real Sociedad vs Real Oviedo (21-02-2026 13:00)
2026-02-22 14:28:05,287 - INFO - [FETCH-20260222-142804-8AFCBEE7] Removed old match: OB vs København (21-02-2026 13:00)
2026-02-22 14:28:05,287 - INFO - [FETCH-20260222-142804-8AFCBEE7] Removed old match: Leganes vs Cultural Leonesa (21-02-2026 13:00)
2026-02-22 14:28:05,287 - INFO - [FETCH-20260222-142804-8AFCBEE7] Removed old match: Lokomotiv Plovdiv vs Spartak Varna (21-02-2026 13:00)
2026-02-22 14:28:05,287 - INFO - [FETCH-20260222-142804-8AFCBEE7] Removed old match: Troyes vs Pau (21-02-2026 13:00)
2026-02-22 14:28:05,287 - INFO - [FETCH-20260222-142804-8AFCBEE7] Removed old match: Reims vs Amiens SC (21-02-2026 13:00)
2026-02-22 14:28:05,287 - INFO - [FETCH-20260222-142804-8AFCBEE7] Removed old match: Alanyaspor vs Istanbul Basaksehir (21-02-2026 13:00)
2026-02-22 14:28:05,287 - INFO - [FETCH-20260222-142804-8AFCBEE7] Removed old match: Boluspor vs Istanbulspor (21-02-2026 13:00)
2026-02-22 14:28:05,287 - INFO - [FETCH-20260222-142804-8AFCBEE7] Removed old match: Alemannia Aachen vs Verl (21-02-2026 13:00)
2026-02-22 14:28:05,288 - INFO - [FETCH-20260222-142804-8AFCBEE7] Removed old match: Ingolstadt vs Havelse (21-02-2026 13:00)
2026-02-22 14:28:05,288 - INFO - [FETCH-20260222-142804-8AFCBEE7] Removed old match: Osnabruck vs Rot-Weiss Essen (21-02-2026 13:00)
2026-02-22 14:28:05,288 - INFO - [FETCH-20260222-142804-8AFCBEE7] Removed old match: MSV Duisburg vs Schweinfurt (21-02-2026 13:00)
2026-02-22 14:28:05,288 - INFO - [FETCH-20260222-142804-8AFCBEE7] Removed old match: Jahn Regensburg vs Wehen Wiesbaden (21-02-2026 13:00)
2026-02-22 14:28:05,288 - INFO - [FETCH-20260222-142804-8AFCBEE7] Cleanup complete: Removed 21 old matches, 314 matches remaining
2026-02-22 14:28:05,289 - INFO - [FETCH-20260222-142804-8AFCBEE7] Updated: Flamengo vs Madureira
2026-02-22 14:28:05,289 - INFO - [FETCH-20260222-142804-8AFCBEE7] New match: Flamengo vs Madureira
2026-02-22 14:28:05,289 - INFO - [FETCH-20260222-142804-8AFCBEE7] Merge complete: 1 new, 1 updated, 314 total
2026-02-22 14:28:05,296 - INFO - [FETCH-20260222-142804-8AFCBEE7] Data saved to live_events.json
2026-02-22 14:28:05,296 - INFO - [FETCH-20260222-142804-8AFCBEE7] Summary:
2026-02-22 14:28:05,297 - INFO - [FETCH-20260222-142804-8AFCBEE7] - Sportsonline ('Toes In The Blender') matches: 39
2026-02-22 14:28:05,297 - INFO - [FETCH-20260222-142804-8AFCBEE7] - Final total matches in file: 314
2026-02-22 14:28:05,297 - INFO - [FETCH-20260222-142804-8AFCBEE7] Scraper run completed successfully
2026-02-22 16:33:35,222 - INFO - [FETCH-20260222-163335-8979EB60] Starting sportsonline football match scraper...
2026-02-22 16:33:35,222 - INFO - ============================================================
2026-02-22 16:33:35,222 - INFO - [FETCH-20260222-163335-8979EB60] Starting cleanup operations...
2026-02-22 16:33:35,222 - INFO - [FETCH-20260222-163335-8979EB60] Cleaning up old log entries...
2026-02-22 16:33:35,233 - INFO - [FETCH-20260222-163335-8979EB60] Log cleanup complete: Removed 16 old log entries
2026-02-22 16:33:35,234 - INFO - [FETCH-20260222-163335-8979EB60] Fetching matches from sportsonline.gl...
2026-02-22 16:33:36,405 - INFO - [FETCH-20260222-163335-8979EB60] Fetched 39 valid matches from sportsonline.gl
2026-02-22 16:33:36,407 - INFO - [FETCH-20260222-163335-8979EB60] Merging with existing data...
2026-02-22 16:33:36,407 - INFO - [FETCH-20260222-163335-8979EB60] Cleaning up old matches...
2026-02-22 16:33:36,407 - INFO - [FETCH-20260222-163335-8979EB60] Removed old match: Juventus vs Como (21-02-2026 14:00)
2026-02-22 16:33:36,407 - INFO - [FETCH-20260222-163335-8979EB60] Removed old match: Bayern München vs Eintracht Frankfurt (21-02-2026 14:30)
2026-02-22 16:33:36,407 - INFO - [FETCH-20260222-163335-8979EB60] Removed old match: Union Berlin vs Bayer Leverkusen (21-02-2026 14:30)
2026-02-22 16:33:36,407 - INFO - [FETCH-20260222-163335-8979EB60] Removed old match: Wolfsburg vs Augsburg (21-02-2026 14:30)
2026-02-22 16:33:36,407 - INFO - [FETCH-20260222-163335-8979EB60] Removed old match: Chelsea vs Burnley (21-02-2026 15:00)
2026-02-22 16:33:36,407 - INFO - [FETCH-20260222-163335-8979EB60] Removed old match: Brentford vs Brighton & Hove Albion (21-02-2026 15:00)
2026-02-22 16:33:36,407 - INFO - [FETCH-20260222-163335-8979EB60] Removed old match: Aston Villa vs Leeds United (21-02-2026 15:00)
2026-02-22 16:33:36,408 - INFO - [FETCH-20260222-163335-8979EB60] Removed old match: Livingston vs Rangers (21-02-2026 15:00)
2026-02-22 16:33:36,408 - INFO - [FETCH-20260222-163335-8979EB60] Removed old match: Olympiakos Piraeus vs Panaitolikos (21-02-2026 15:00)
2026-02-22 16:33:36,408 - INFO - [FETCH-20260222-163335-8979EB60] Removed old match: Real Betis vs Rayo Vallecano (21-02-2026 15:15)
2026-02-22 16:33:36,408 - INFO - [FETCH-20260222-163335-8979EB60] Removed old match: Real Betis vs Rayo Vallecano (21-02-2026 15:15)
2026-02-22 16:33:36,408 - INFO - [FETCH-20260222-163335-8979EB60] Removed old match: Deportivo La Coruna vs Eibar (21-02-2026 15:15)
2026-02-22 16:33:36,408 - INFO - [FETCH-20260222-163335-8979EB60] Removed old match: Huesca vs Mirandes (21-02-2026 15:15)
2026-02-22 16:33:36,408 - INFO - [FETCH-20260222-163335-8979EB60] Removed old match: Alverca vs Santa Clara (21-02-2026 15:30)
2026-02-22 16:33:36,408 - INFO - [FETCH-20260222-163335-8979EB60] Removed old match: Arouca vs Nacional (21-02-2026 15:30)
2026-02-22 16:33:36,408 - INFO - [FETCH-20260222-163335-8979EB60] Removed old match: Alverca vs Santa Clara (21-02-2026 15:30)
2026-02-22 16:33:36,408 - INFO - [FETCH-20260222-163335-8979EB60] Removed old match: Arouca vs Nacional (21-02-2026 15:30)
2026-02-22 16:33:36,408 - INFO - [FETCH-20260222-163335-8979EB60] Removed old match: CSKA Sofia vs Slavia Sofia (21-02-2026 15:30)
2026-02-22 16:33:36,408 - INFO - [FETCH-20260222-163335-8979EB60] Removed old match: Ulm vs Saarbrucken (21-02-2026 15:30)
2026-02-22 16:33:36,409 - INFO - [FETCH-20260222-163335-8979EB60] Cleanup complete: Removed 19 old matches, 298 matches remaining
2026-02-22 16:33:36,409 - INFO - [FETCH-20260222-163335-8979EB60] Updated: Flamengo vs Madureira
2026-02-22 16:33:36,409 - INFO - [FETCH-20260222-163335-8979EB60] New match: Flamengo vs Madureira
2026-02-22 16:33:36,409 - INFO - [FETCH-20260222-163335-8979EB60] Merge complete: 1 new, 1 updated, 297 total
2026-02-22 16:33:36,416 - INFO - [FETCH-20260222-163335-8979EB60] Data saved to live_events.json
2026-02-22 16:33:36,416 - INFO - [FETCH-20260222-163335-8979EB60] Summary:
2026-02-22 16:33:36,416 - INFO - [FETCH-20260222-163335-8979EB60] - Sportsonline ('Toes In The Blender') matches: 39
2026-02-22 16:33:36,416 - INFO - [FETCH-20260222-163335-8979EB60] - Final total matches in file: 297
2026-02-22 16:33:36,416 - INFO - [FETCH-20260222-163335-8979EB60] Scraper run completed successfully
2026-02-22 18:38:04,373 - INFO - [FETCH-20260222-183804-1F97AC5E] Starting sportsonline football match scraper...
2026-02-22 18:38:04,374 - INFO - ============================================================
2026-02-22 18:38:04,374 - INFO - [FETCH-20260222-183804-1F97AC5E] Starting cleanup operations...
2026-02-22 18:38:04,374 - INFO - [FETCH-20260222-183804-1F97AC5E] Cleaning up old log entries...
2026-02-22 18:38:04,385 - INFO - [FETCH-20260222-183804-1F97AC5E] Log cleanup complete: Removed 16 old log entries
2026-02-22 18:38:04,385 - INFO - [FETCH-20260222-183804-1F97AC5E] Fetching matches from sportsonline.gl...
2026-02-22 18:38:05,944 - INFO - [FETCH-20260222-183804-1F97AC5E] Fetched 20 valid matches from sportsonline.gl
2026-02-22 18:38:05,947 - INFO - [FETCH-20260222-183804-1F97AC5E] Merging with existing data...
2026-02-22 18:38:05,947 - INFO - [FETCH-20260222-183804-1F97AC5E] Cleaning up old matches...
2026-02-22 18:38:05,947 - INFO - [FETCH-20260222-183804-1F97AC5E] Removed old match: Lens vs Monaco (21-02-2026 16:00)
2026-02-22 18:38:05,947 - INFO - [FETCH-20260222-183804-1F97AC5E] Removed old match: Lecce vs Internazionale (21-02-2026 17:00)
2026-02-22 18:38:05,947 - INFO - [FETCH-20260222-183804-1F97AC5E] Removed old match: West Ham United vs AFC Bournemouth (21-02-2026 17:30)
2026-02-22 18:38:05,947 - INFO - [FETCH-20260222-183804-1F97AC5E] Removed old match: Osasuna vs Real Madrid (21-02-2026 17:30)
2026-02-22 18:38:05,947 - INFO - [FETCH-20260222-183804-1F97AC5E] Removed old match: RB Leipzig vs Borussia Dortmund (21-02-2026 17:30)
2026-02-22 18:38:05,948 - INFO - [FETCH-20260222-183804-1F97AC5E] Cleanup complete: Removed 5 old matches, 274 matches remaining
2026-02-22 18:38:05,948 - INFO - [FETCH-20260222-183804-1F97AC5E] Updated: Flamengo vs Madureira
2026-02-22 18:38:05,948 - INFO - [FETCH-20260222-183804-1F97AC5E] New match: Flamengo vs Madureira
2026-02-22 18:38:05,948 - INFO - [FETCH-20260222-183804-1F97AC5E] Merge complete: 1 new, 1 updated, 273 total
2026-02-22 18:38:05,954 - INFO - [FETCH-20260222-183804-1F97AC5E] Data saved to live_events.json
2026-02-22 18:38:05,954 - INFO - [FETCH-20260222-183804-1F97AC5E] Summary:
2026-02-22 18:38:05,954 - INFO - [FETCH-20260222-183804-1F97AC5E] - Sportsonline ('Toes In The Blender') matches: 20
2026-02-22 18:38:05,955 - INFO - [FETCH-20260222-183804-1F97AC5E] - Final total matches in file: 273
2026-02-22 18:38:05,955 - INFO - [FETCH-20260222-183804-1F97AC5E] Scraper run completed successfully
2026-02-22 20:29:54,443 - INFO - [FETCH-20260222-202954-1EAA274C] Starting sportsonline football match scraper...
2026-02-22 20:29:54,443 - INFO - ============================================================
2026-02-22 20:29:54,443 - INFO - [FETCH-20260222-202954-1EAA274C] Starting cleanup operations...
2026-02-22 20:29:54,443 - INFO - [FETCH-20260222-202954-1EAA274C] Cleaning up old log entries...
2026-02-22 20:29:54,458 - INFO - [FETCH-20260222-202954-1EAA274C] Log cleanup complete: Removed 24 old log entries
2026-02-22 20:29:54,458 - INFO - [FETCH-20260222-202954-1EAA274C] Fetching matches from sportsonline.gl...
2026-02-22 20:29:56,213 - INFO - [FETCH-20260222-202954-1EAA274C] Fetched 20 valid matches from sportsonline.gl
2026-02-22 20:29:56,216 - INFO - [FETCH-20260222-202954-1EAA274C] Merging with existing data...
2026-02-22 20:29:56,216 - INFO - [FETCH-20260222-202954-1EAA274C] Cleaning up old matches...
2026-02-22 20:29:56,216 - INFO - [FETCH-20260222-202954-1EAA274C] Removed old match: PSV vs Heerenveen (21-02-2026 17:45)
2026-02-22 20:29:56,216 - INFO - [FETCH-20260222-202954-1EAA274C] Removed old match: Toulouse vs Paris (21-02-2026 18:00)
2026-02-22 20:29:56,216 - INFO - [FETCH-20260222-202954-1EAA274C] Removed old match: Moreirense vs Sporting CP (21-02-2026 18:00)
2026-02-22 20:29:56,216 - INFO - [FETCH-20260222-202954-1EAA274C] Removed old match: Benfica vs AVS (21-02-2026 18:00)
2026-02-22 20:29:56,216 - INFO - [FETCH-20260222-202954-1EAA274C] Removed old match: UD Oliveirense vs União de Leiria (21-02-2026 18:00)
2026-02-22 20:29:56,216 - INFO - [FETCH-20260222-202954-1EAA274C] Removed old match: Al Nassr vs Al Hazm (21-02-2026 19:00)
2026-02-22 20:29:56,216 - INFO - [FETCH-20260222-202954-1EAA274C] Removed old match: Once Caldas vs Fortaleza CEIF (21-02-2026 19:00)
2026-02-22 20:29:56,217 - INFO - [FETCH-20260222-202954-1EAA274C] Removed old match: Saint-Etienne vs Laval (21-02-2026 19:00)
2026-02-22 20:29:56,217 - INFO - [FETCH-20260222-202954-1EAA274C] Removed old match: Al Khaleej vs NEOM (21-02-2026 19:00)
2026-02-22 20:29:56,217 - INFO - [FETCH-20260222-202954-1EAA274C] Removed old match: Al Nassr vs Al Hazm (21-02-2026 19:00)
2026-02-22 20:29:56,217 - INFO - [FETCH-20260222-202954-1EAA274C] Removed old match: Al Hilal vs Al Ittihad (21-02-2026 19:00)
2026-02-22 20:29:56,217 - INFO - [FETCH-20260222-202954-1EAA274C] Removed old match: NAC Breda vs Volendam (21-02-2026 19:00)
2026-02-22 20:29:56,217 - INFO - [FETCH-20260222-202954-1EAA274C] Cleanup complete: Removed 12 old matches, 261 matches remaining
2026-02-22 20:29:56,217 - INFO - [FETCH-20260222-202954-1EAA274C] Updated: Flamengo vs Madureira
2026-02-22 20:29:56,218 - INFO - [FETCH-20260222-202954-1EAA274C] New match: Flamengo vs Madureira
2026-02-22 20:29:56,218 - INFO - [FETCH-20260222-202954-1EAA274C] Merge complete: 1 new, 1 updated, 261 total
2026-02-22 20:29:56,223 - INFO - [FETCH-20260222-202954-1EAA274C] Data saved to live_events.json
2026-02-22 20:29:56,223 - INFO - [FETCH-20260222-202954-1EAA274C] Summary:
2026-02-22 20:29:56,223 - INFO - [FETCH-20260222-202954-1EAA274C] - Sportsonline ('Toes In The Blender') matches: 20
2026-02-22 20:29:56,223 - INFO - [FETCH-20260222-202954-1EAA274C] - Final total matches in file: 261
2026-02-22 20:29:56,224 - INFO - [FETCH-20260222-202954-1EAA274C] Scraper run completed successfully
2026-02-22 22:26:56,476 - INFO - [FETCH-20260222-222656-17F4C8A7] Starting sportsonline football match scraper...
2026-02-22 22:26:56,476 - INFO - ============================================================
2026-02-22 22:26:56,476 - INFO - [FETCH-20260222-222656-17F4C8A7] Starting cleanup operations...
2026-02-22 22:26:56,476 - INFO - [FETCH-20260222-222656-17F4C8A7] Cleaning up old log entries...
2026-02-22 22:26:56,488 - INFO - [FETCH-20260222-222656-17F4C8A7] Log cleanup complete: Removed 20 old log entries
2026-02-22 22:26:56,488 - INFO - [FETCH-20260222-222656-17F4C8A7] Fetching matches from sportsonline.gl...
2026-02-22 22:26:57,980 - INFO - [FETCH-20260222-222656-17F4C8A7] Fetched 20 valid matches from sportsonline.gl
2026-02-22 22:26:57,983 - INFO - [FETCH-20260222-222656-17F4C8A7] Merging with existing data...
2026-02-22 22:26:57,983 - INFO - [FETCH-20260222-222656-17F4C8A7] Cleaning up old matches...
2026-02-22 22:26:57,983 - INFO - [FETCH-20260222-222656-17F4C8A7] Removed old match: Schalke 04 vs Magdeburg (21-02-2026 19:30)
2026-02-22 22:26:57,983 - INFO - [FETCH-20260222-222656-17F4C8A7] Removed old match: St. Mirren vs Motherwell (21-02-2026 19:30)
2026-02-22 22:26:57,983 - INFO - [FETCH-20260222-222656-17F4C8A7] Removed old match: Cagliari vs Lazio (21-02-2026 19:45)
2026-02-22 22:26:57,983 - INFO - [FETCH-20260222-222656-17F4C8A7] Removed old match: Manchester City vs Newcastle United (21-02-2026 20:00)
2026-02-22 22:26:57,983 - INFO - [FETCH-20260222-222656-17F4C8A7] Removed old match: Atlético Madrid vs Espanyol (21-02-2026 20:00)
2026-02-22 22:26:57,983 - INFO - [FETCH-20260222-222656-17F4C8A7] Removed old match: Banfield vs Newell's Old Boys (21-02-2026 20:00)
2026-02-22 22:26:57,983 - INFO - [FETCH-20260222-222656-17F4C8A7] Removed old match: Platense vs Barracas Central (21-02-2026 20:00)
2026-02-22 22:26:57,983 - INFO - [FETCH-20260222-222656-17F4C8A7] Removed old match: Ajax vs NEC (21-02-2026 20:00)
2026-02-22 22:26:57,983 - INFO - [FETCH-20260222-222656-17F4C8A7] Removed old match: PSG vs Metz (21-02-2026 20:05)
2026-02-22 22:26:57,983 - INFO - [FETCH-20260222-222656-17F4C8A7] Removed old match: Sporting Braga vs Vitória Guimarães (21-02-2026 20:30)
2026-02-22 22:26:57,983 - INFO - [FETCH-20260222-222656-17F4C8A7] Removed old match: Flamengo vs Madureira (21-02-2026 21:00)
2026-02-22 22:26:57,984 - INFO - [FETCH-20260222-222656-17F4C8A7] Removed old match: Fluminense vs Vasco da Gama (21-02-2026 21:00)
2026-02-22 22:26:57,984 - INFO - [FETCH-20260222-222656-17F4C8A7] Cleanup complete: Removed 12 old matches, 234 matches remaining
2026-02-22 22:26:57,984 - INFO - [FETCH-20260222-222656-17F4C8A7] Updated: Flamengo vs Madureira
2026-02-22 22:26:57,984 - INFO - [FETCH-20260222-222656-17F4C8A7] New match: Flamengo vs Madureira
2026-02-22 22:26:57,984 - INFO - [FETCH-20260222-222656-17F4C8A7] Merge complete: 1 new, 1 updated, 233 total
2026-02-22 22:26:57,990 - INFO - [FETCH-20260222-222656-17F4C8A7] Data saved to live_events.json
2026-02-22 22:26:57,990 - INFO - [FETCH-20260222-222656-17F4C8A7] Summary:
2026-02-22 22:26:57,990 - INFO - [FETCH-20260222-222656-17F4C8A7] - Sportsonline ('Toes In The Blender') matches: 20
2026-02-22 22:26:57,990 - INFO - [FETCH-20260222-222656-17F4C8A7] - Final total matches in file: 233
2026-02-22 22:26:57,990 - INFO - [FETCH-20260222-222656-17F4C8A7] Scraper run completed successfully
2026-02-23 02:26:59,849 - INFO - [FETCH-20260223-022659-4158B615] Starting sportsonline football match scraper...
2026-02-23 02:26:59,849 - INFO - ============================================================
2026-02-23 02:26:59,849 - INFO - [FETCH-20260223-022659-4158B615] Starting cleanup operations...
2026-02-23 02:26:59,849 - INFO - [FETCH-20260223-022659-4158B615] Cleaning up old log entries...
2026-02-23 02:26:59,859 - INFO - [FETCH-20260223-022659-4158B615] Log cleanup complete: Removed 99 old log entries
2026-02-23 02:26:59,860 - INFO - [FETCH-20260223-022659-4158B615] Fetching matches from sportsonline.gl...
2026-02-23 02:27:01,385 - INFO - [FETCH-20260223-022659-4158B615] Fetched 16 valid matches from sportsonline.gl
2026-02-23 02:27:01,388 - INFO - [FETCH-20260223-022659-4158B615] Merging with existing data...
2026-02-23 02:27:01,388 - INFO - [FETCH-20260223-022659-4158B615] Cleaning up old matches...
2026-02-23 02:27:01,388 - INFO - [FETCH-20260223-022659-4158B615] Removed old match: Internacional vs Ypiranga Erechim (21-02-2026 21:30)
2026-02-23 02:27:01,388 - INFO - [FETCH-20260223-022659-4158B615] Removed old match: RB Bragantino vs São Paulo (21-02-2026 21:30)
2026-02-23 02:27:01,388 - INFO - [FETCH-20260223-022659-4158B615] Removed old match: Deportivo Riestra vs Huracán (21-02-2026 22:15)
2026-02-23 02:27:01,388 - INFO - [FETCH-20260223-022659-4158B615] Removed old match: Atlético Nacional vs Alianza (21-02-2026 23:20)
2026-02-23 02:27:01,388 - INFO - [FETCH-20260223-022659-4158B615] Removed old match: Palmeiras vs Capivariano (21-02-2026 23:30)
2026-02-23 02:27:01,388 - INFO - [FETCH-20260223-022659-4158B615] Removed old match: Querétaro vs Juárez (22-02-2026 01:00)
2026-02-23 02:27:01,388 - INFO - [FETCH-20260223-022659-4158B615] Removed old match: Necaxa vs Toluca (22-02-2026 01:00)
2026-02-23 02:27:01,389 - INFO - [FETCH-20260223-022659-4158B615] Cleanup complete: Removed 7 old matches, 217 matches remaining
2026-02-23 02:27:01,389 - INFO - [FETCH-20260223-022659-4158B615] New match: Jamaica U20 vs Bonaire U20
2026-02-23 02:27:01,389 - INFO - [FETCH-20260223-022659-4158B615] New match: Palmeiras U20 vs São Paulo U20
2026-02-23 02:27:01,389 - INFO - [FETCH-20260223-022659-4158B615] New match: Fenerbahçe vs Kasımpaşa
2026-02-23 02:27:01,389 - INFO - [FETCH-20260223-022659-4158B615] New match: Eintracht Frankfurt W vs Freiburg W
2026-02-23 02:27:01,389 - INFO - [FETCH-20260223-022659-4158B615] New match: Fiorentina vs Pisa
2026-02-23 02:27:01,389 - INFO - [FETCH-20260223-022659-4158B615] New match: Lechia Gdańsk vs Zagłębie Lubin
2026-02-23 02:27:01,389 - INFO - [FETCH-20260223-022659-4158B615] New match: Al Quadisiya vs Al Ittifaq
2026-02-23 02:27:01,389 - INFO - [FETCH-20260223-022659-4158B615] New match: Cádiz vs Real Sociedad B
2026-02-23 02:27:01,389 - INFO - [FETCH-20260223-022659-4158B615] New match: Cadiz vs Real Sociedad B
2026-02-23 02:27:01,389 - INFO - [FETCH-20260223-022659-4158B615] New match: Bologna vs Udinese
2026-02-23 02:27:01,389 - INFO - [FETCH-20260223-022659-4158B615] New match: Everton vs Manchester United
2026-02-23 02:27:01,390 - INFO - [FETCH-20260223-022659-4158B615] New match: Deportivo Alavés vs Girona
2026-02-23 02:27:01,390 - INFO - [FETCH-20260223-022659-4158B615] New match: Famalicão vs Casa Pia
2026-02-23 02:27:01,390 - INFO - [FETCH-20260223-022659-4158B615] New match: Cúcuta Deportivo vs Deportes Tolima
2026-02-23 02:27:01,390 - INFO - [FETCH-20260223-022659-4158B615] New match: Porto Rico U20 vs St Kitts and Nevis U20
2026-02-23 02:27:01,390 - INFO - [FETCH-20260223-022659-4158B615] New match: Flamengo U20 vs Vasco U20
2026-02-23 02:27:01,390 - INFO - [FETCH-20260223-022659-4158B615] Merge complete: 16 new, 0 updated, 232 total
2026-02-23 02:27:01,408 - INFO - [FETCH-20260223-022659-4158B615] Data saved to live_events.json
2026-02-23 02:27:01,408 - INFO - [FETCH-20260223-022659-4158B615] Summary:
2026-02-23 02:27:01,408 - INFO - [FETCH-20260223-022659-4158B615] - Sportsonline ('Toes In The Blender') matches: 16
2026-02-23 02:27:01,408 - INFO - [FETCH-20260223-022659-4158B615] - Final total matches in file: 232
2026-02-23 02:27:01,408 - INFO - [FETCH-20260223-022659-4158B615] Scraper run completed successfully
2026-02-23 05:26:16,899 - INFO - [FETCH-20260223-052616-FF0CF0C3] Starting sportsonline football match scraper...
2026-02-23 05:26:16,899 - INFO - ============================================================
2026-02-23 05:26:16,899 - INFO - [FETCH-20260223-052616-FF0CF0C3] Starting cleanup operations...
2026-02-23 05:26:16,899 - INFO - [FETCH-20260223-052616-FF0CF0C3] Cleaning up old log entries...
2026-02-23 05:26:16,909 - INFO - [FETCH-20260223-052616-FF0CF0C3] Log cleanup complete: Removed 20 old log entries
2026-02-23 05:26:16,909 - INFO - [FETCH-20260223-052616-FF0CF0C3] Fetching matches from sportsonline.gl...
2026-02-23 05:26:18,443 - INFO - [FETCH-20260223-052616-FF0CF0C3] Fetched 16 valid matches from sportsonline.gl
2026-02-23 05:26:18,446 - INFO - [FETCH-20260223-052616-FF0CF0C3] Merging with existing data...
2026-02-23 05:26:18,446 - INFO - [FETCH-20260223-052616-FF0CF0C3] Cleaning up old matches...
2026-02-23 05:26:18,446 - INFO - [FETCH-20260223-052616-FF0CF0C3] Removed old match: América de Cali vs Jaguares de Córdoba (22-02-2026 01:30)
2026-02-23 05:26:18,446 - INFO - [FETCH-20260223-052616-FF0CF0C3] Removed old match: Seattle Sounders FC vs Colorado Rapids (22-02-2026 02:15)
2026-02-23 05:26:18,447 - INFO - [FETCH-20260223-052616-FF0CF0C3] Cleanup complete: Removed 2 old matches, 219 matches remaining
2026-02-23 05:26:18,447 - INFO - [FETCH-20260223-052616-FF0CF0C3] Merge complete: 0 new, 0 updated, 219 total
2026-02-23 05:26:18,452 - INFO - [FETCH-20260223-052616-FF0CF0C3] Data saved to live_events.json
2026-02-23 05:26:18,452 - INFO - [FETCH-20260223-052616-FF0CF0C3] Summary:
2026-02-23 05:26:18,452 - INFO - [FETCH-20260223-052616-FF0CF0C3] - Sportsonline ('Toes In The Blender') matches: 16
2026-02-23 05:26:18,452 - INFO - [FETCH-20260223-052616-FF0CF0C3] - Final total matches in file: 219
2026-02-23 05:26:18,452 - INFO - [FETCH-20260223-052616-FF0CF0C3] Scraper run completed successfully
2026-02-23 07:06:53,052 - INFO - [FETCH-20260223-070653-37DABCBA] Starting sportsonline football match scraper...
2026-02-23 07:06:53,052 - INFO - ============================================================
2026-02-23 07:06:53,052 - INFO - [FETCH-20260223-070653-37DABCBA] Starting cleanup operations...
2026-02-23 07:06:53,053 - INFO - [FETCH-20260223-070653-37DABCBA] Cleaning up old log entries...
2026-02-23 07:06:53,063 - INFO - [FETCH-20260223-070653-37DABCBA] Log cleanup complete: Removed 16 old log entries
2026-02-23 07:06:53,063 - INFO - [FETCH-20260223-070653-37DABCBA] Fetching matches from sportsonline.gl...
2026-02-23 07:06:54,024 - INFO - [FETCH-20260223-070653-37DABCBA] Fetched 16 valid matches from sportsonline.gl
2026-02-23 07:06:54,027 - INFO - [FETCH-20260223-070653-37DABCBA] Merging with existing data...
2026-02-23 07:06:54,027 - INFO - [FETCH-20260223-070653-37DABCBA] Cleaning up old matches...
2026-02-23 07:06:54,027 - INFO - [FETCH-20260223-070653-37DABCBA] No old matches to remove
2026-02-23 07:06:54,027 - INFO - [FETCH-20260223-070653-37DABCBA] Merge complete: 0 new, 0 updated, 217 total
2026-02-23 07:06:54,032 - INFO - [FETCH-20260223-070653-37DABCBA] Data saved to live_events.json
2026-02-23 07:06:54,032 - INFO - [FETCH-20260223-070653-37DABCBA] Summary:
2026-02-23 07:06:54,032 - INFO - [FETCH-20260223-070653-37DABCBA] - Sportsonline ('Toes In The Blender') matches: 16
2026-02-23 07:06:54,033 - INFO - [FETCH-20260223-070653-37DABCBA] - Final total matches in file: 217
2026-02-23 07:06:54,033 - INFO - [FETCH-20260223-070653-37DABCBA] Scraper run completed successfully
2026-02-23 08:53:35,441 - INFO - [FETCH-20260223-085335-C119F0F7] Starting sportsonline football match scraper...
2026-02-23 08:53:35,441 - INFO - ============================================================
2026-02-23 08:53:35,442 - INFO - [FETCH-20260223-085335-C119F0F7] Starting cleanup operations...
2026-02-23 08:53:35,442 - INFO - [FETCH-20260223-085335-C119F0F7] Cleaning up old log entries...
2026-02-23 08:53:35,452 - INFO - [FETCH-20260223-085335-C119F0F7] Log cleanup complete: Removed 16 old log entries
2026-02-23 08:53:35,453 - INFO - [FETCH-20260223-085335-C119F0F7] Fetching matches from sportsonline.gl...
2026-02-23 08:53:36,970 - INFO - [FETCH-20260223-085335-C119F0F7] Fetched 16 valid matches from sportsonline.gl
2026-02-23 08:53:36,972 - INFO - [FETCH-20260223-085335-C119F0F7] Merging with existing data...
2026-02-23 08:53:36,973 - INFO - [FETCH-20260223-085335-C119F0F7] Cleaning up old matches...
2026-02-23 08:53:36,973 - INFO - [FETCH-20260223-085335-C119F0F7] Removed old match: Newcastle Jets vs Macarthur (22-02-2026 07:00)
2026-02-23 08:53:36,973 - INFO - [FETCH-20260223-085335-C119F0F7] Cleanup complete: Removed 1 old matches, 216 matches remaining
2026-02-23 08:53:36,973 - INFO - [FETCH-20260223-085335-C119F0F7] Merge complete: 0 new, 0 updated, 216 total
2026-02-23 08:53:36,978 - INFO - [FETCH-20260223-085335-C119F0F7] Data saved to live_events.json
2026-02-23 08:53:36,978 - INFO - [FETCH-20260223-085335-C119F0F7] Summary:
2026-02-23 08:53:36,978 - INFO - [FETCH-20260223-085335-C119F0F7] - Sportsonline ('Toes In The Blender') matches: 16
2026-02-23 08:53:36,978 - INFO - [FETCH-20260223-085335-C119F0F7] - Final total matches in file: 216
2026-02-23 08:53:36,978 - INFO - [FETCH-20260223-085335-C119F0F7] Scraper run completed successfully
2026-02-23 10:52:26,618 - INFO - [FETCH-20260223-105226-84B9B90D] Starting sportsonline football match scraper...
2026-02-23 10:52:26,618 - INFO - ============================================================
2026-02-23 10:52:26,618 - INFO - [FETCH-20260223-105226-84B9B90D] Starting cleanup operations...
2026-02-23 10:52:26,618 - INFO - [FETCH-20260223-105226-84B9B90D] Cleaning up old log entries...
2026-02-23 10:52:26,629 - INFO - [FETCH-20260223-105226-84B9B90D] Log cleanup complete: Removed 17 old log entries
2026-02-23 10:52:26,629 - INFO - [FETCH-20260223-105226-84B9B90D] Fetching matches from sportsonline.gl...
2026-02-23 10:52:28,360 - INFO - [FETCH-20260223-105226-84B9B90D] Fetched 16 valid matches from sportsonline.gl
2026-02-23 10:52:28,363 - INFO - [FETCH-20260223-105226-84B9B90D] Merging with existing data...
2026-02-23 10:52:28,363 - INFO - [FETCH-20260223-105226-84B9B90D] Cleaning up old matches...
2026-02-23 10:52:28,364 - INFO - [FETCH-20260223-105226-84B9B90D] No old matches to remove
2026-02-23 10:52:28,364 - INFO - [FETCH-20260223-105226-84B9B90D] Merge complete: 0 new, 0 updated, 216 total
2026-02-23 10:52:28,369 - INFO - [FETCH-20260223-105226-84B9B90D] Data saved to live_events.json
2026-02-23 10:52:28,369 - INFO - [FETCH-20260223-105226-84B9B90D] Summary:
2026-02-23 10:52:28,369 - INFO - [FETCH-20260223-105226-84B9B90D] - Sportsonline ('Toes In The Blender') matches: 16
2026-02-23 10:52:28,369 - INFO - [FETCH-20260223-105226-84B9B90D] - Final total matches in file: 216
2026-02-23 10:52:28,369 - INFO - [FETCH-20260223-105226-84B9B90D] Scraper run completed successfully
2026-02-23 13:09:53,527 - INFO - [FETCH-20260223-130953-64F0C280] Starting sportsonline football match scraper...
2026-02-23 13:09:53,527 - INFO - ============================================================
2026-02-23 13:09:53,527 - INFO - [FETCH-20260223-130953-64F0C280] Starting cleanup operations...
2026-02-23 13:09:53,527 - INFO - [FETCH-20260223-130953-64F0C280] Cleaning up old log entries...
2026-02-23 13:09:53,538 - INFO - [FETCH-20260223-130953-64F0C280] Log cleanup complete: Removed 16 old log entries
2026-02-23 13:09:53,538 - INFO - [FETCH-20260223-130953-64F0C280] Fetching matches from sportsonline.gl...
2026-02-23 13:09:54,921 - INFO - [FETCH-20260223-130953-64F0C280] Fetched 16 valid matches from sportsonline.gl
2026-02-23 13:09:54,924 - INFO - [FETCH-20260223-130953-64F0C280] Merging with existing data...
2026-02-23 13:09:54,924 - INFO - [FETCH-20260223-130953-64F0C280] Cleaning up old matches...
2026-02-23 13:09:54,924 - INFO - [FETCH-20260223-130953-64F0C280] Removed old match: Felgueiras 1932 vs Penafiel (22-02-2026 11:00)
2026-02-23 13:09:54,924 - INFO - [FETCH-20260223-130953-64F0C280] Removed old match: Genoa vs Torino (22-02-2026 11:30)
2026-02-23 13:09:54,924 - INFO - [FETCH-20260223-130953-64F0C280] Removed old match: Campobasso vs Juventus B (22-02-2026 11:30)
2026-02-23 13:09:54,924 - INFO - [FETCH-20260223-130953-64F0C280] Removed old match: Sheffield United vs Sheffield Wednesday (22-02-2026 12:00)
2026-02-23 13:09:54,924 - INFO - [FETCH-20260223-130953-64F0C280] Cleanup complete: Removed 4 old matches, 200 matches remaining
2026-02-23 13:09:54,925 - INFO - [FETCH-20260223-130953-64F0C280] Merge complete: 0 new, 0 updated, 200 total
2026-02-23 13:09:54,929 - INFO - [FETCH-20260223-130953-64F0C280] Data saved to live_events.json
2026-02-23 13:09:54,929 - INFO - [FETCH-20260223-130953-64F0C280] Summary:
2026-02-23 13:09:54,929 - INFO - [FETCH-20260223-130953-64F0C280] - Sportsonline ('Toes In The Blender') matches: 16
2026-02-23 13:09:54,929 - INFO - [FETCH-20260223-130953-64F0C280] - Final total matches in file: 200
2026-02-23 13:09:54,929 - INFO - [FETCH-20260223-130953-64F0C280] Scraper run completed successfully
2026-02-23 14:49:50,506 - INFO - [FETCH-20260223-144950-0C855FA7] Starting sportsonline football match scraper...
2026-02-23 14:49:50,506 - INFO - ============================================================
2026-02-23 14:49:50,506 - INFO - [FETCH-20260223-144950-0C855FA7] Starting cleanup operations...
2026-02-23 14:49:50,507 - INFO - [FETCH-20260223-144950-0C855FA7] Cleaning up old log entries...
2026-02-23 14:49:50,517 - INFO - [FETCH-20260223-144950-0C855FA7] Log cleanup complete: Removed 16 old log entries
2026-02-23 14:49:50,518 - INFO - [FETCH-20260223-144950-0C855FA7] Fetching matches from sportsonline.gl...
2026-02-23 14:49:52,410 - INFO - [FETCH-20260223-144950-0C855FA7] Fetched 16 valid matches from sportsonline.gl
2026-02-23 14:49:52,413 - INFO - [FETCH-20260223-144950-0C855FA7] Merging with existing data...
2026-02-23 14:49:52,413 - INFO - [FETCH-20260223-144950-0C855FA7] Cleaning up old matches...
2026-02-23 14:49:52,413 - INFO - [FETCH-20260223-144950-0C855FA7] Removed old match: Paderborn vs Hertha BSC (22-02-2026 12:30)
2026-02-23 14:49:52,413 - INFO - [FETCH-20260223-144950-0C855FA7] Removed old match: Getafe vs Sevilla (22-02-2026 13:00)
2026-02-23 14:49:52,413 - INFO - [FETCH-20260223-144950-0C855FA7] Removed old match: Gaziantep FK vs Trabzonspor (22-02-2026 13:00)
2026-02-23 14:49:52,413 - INFO - [FETCH-20260223-144950-0C855FA7] Removed old match: Getafe vs Sevilla (22-02-2026 13:00)
2026-02-23 14:49:52,413 - INFO - [FETCH-20260223-144950-0C855FA7] Removed old match: Sporting Gijon vs Real Valladolid (22-02-2026 13:00)
2026-02-23 14:49:52,413 - INFO - [FETCH-20260223-144950-0C855FA7] Removed old match: Randers vs Fredericia (22-02-2026 13:00)
2026-02-23 14:49:52,413 - INFO - [FETCH-20260223-144950-0C855FA7] Removed old match: Gaziantep FK vs Trabzonspor (22-02-2026 13:00)
2026-02-23 14:49:52,413 - INFO - [FETCH-20260223-144950-0C855FA7] Removed old match: Utrecht vs PEC Zwolle (22-02-2026 13:30)
2026-02-23 14:49:52,413 - INFO - [FETCH-20260223-144950-0C855FA7] Removed old match: Go Ahead Eagles vs Heracles (22-02-2026 13:30)
2026-02-23 14:49:52,413 - INFO - [FETCH-20260223-144950-0C855FA7] Removed old match: WSG Tirol vs Ried (22-02-2026 13:30)
2026-02-23 14:49:52,413 - INFO - [FETCH-20260223-144950-0C855FA7] Removed old match: Sturm Graz vs Blau-Weiß Linz (22-02-2026 13:30)
2026-02-23 14:49:52,413 - INFO - [FETCH-20260223-144950-0C855FA7] Removed old match: Jagiellonia Białystok vs Radomiak Radom (22-02-2026 13:45)
2026-02-23 14:49:52,414 - INFO - [FETCH-20260223-144950-0C855FA7] Cleanup complete: Removed 12 old matches, 188 matches remaining
2026-02-23 14:49:52,414 - INFO - [FETCH-20260223-144950-0C855FA7] Merge complete: 0 new, 0 updated, 188 total
2026-02-23 14:49:52,418 - INFO - [FETCH-20260223-144950-0C855FA7] Data saved to live_events.json
2026-02-23 14:49:52,418 - INFO - [FETCH-20260223-144950-0C855FA7] Summary:
2026-02-23 14:49:52,418 - INFO - [FETCH-20260223-144950-0C855FA7] - Sportsonline ('Toes In The Blender') matches: 16
2026-02-23 14:49:52,418 - INFO - [FETCH-20260223-144950-0C855FA7] - Final total matches in file: 188
2026-02-23 14:49:52,418 - INFO - [FETCH-20260223-144950-0C855FA7] Scraper run completed successfully
2026-02-23 16:59:40,581 - INFO - [FETCH-20260223-165940-2EC86B02] Starting sportsonline football match scraper...
2026-02-23 16:59:40,581 - INFO - ============================================================
2026-02-23 16:59:40,581 - INFO - [FETCH-20260223-165940-2EC86B02] Starting cleanup operations...
2026-02-23 16:59:40,581 - INFO - [FETCH-20260223-165940-2EC86B02] Cleaning up old log entries...
2026-02-23 16:59:40,592 - INFO - [FETCH-20260223-165940-2EC86B02] Log cleanup complete: Removed 16 old log entries
2026-02-23 16:59:40,592 - INFO - [FETCH-20260223-165940-2EC86B02] Fetching matches from sportsonline.gl...
2026-02-23 16:59:41,522 - INFO - [FETCH-20260223-165940-2EC86B02] Fetched 16 valid matches from sportsonline.gl
2026-02-23 16:59:41,524 - INFO - [FETCH-20260223-165940-2EC86B02] Merging with existing data...
2026-02-23 16:59:41,525 - INFO - [FETCH-20260223-165940-2EC86B02] Cleaning up old matches...
2026-02-23 16:59:41,525 - INFO - [FETCH-20260223-165940-2EC86B02] Removed old match: Nottingham Forest vs Liverpool (22-02-2026 14:00)
2026-02-23 16:59:41,525 - INFO - [FETCH-20260223-165940-2EC86B02] Removed old match: Sunderland vs Fulham (22-02-2026 14:00)
2026-02-23 16:59:41,525 - INFO - [FETCH-20260223-165940-2EC86B02] Removed old match: Crystal Palace vs Wolverhampton Wanderers (22-02-2026 14:00)
2026-02-23 16:59:41,525 - INFO - [FETCH-20260223-165940-2EC86B02] Removed old match: Atalanta vs Napoli (22-02-2026 14:00)
2026-02-23 16:59:41,525 - INFO - [FETCH-20260223-165940-2EC86B02] Removed old match: Auxerre vs Rennes (22-02-2026 14:00)
2026-02-23 16:59:41,525 - INFO - [FETCH-20260223-165940-2EC86B02] Removed old match: Freiburg vs Borussia M'gladbach (22-02-2026 14:30)
2026-02-23 16:59:41,525 - INFO - [FETCH-20260223-165940-2EC86B02] Removed old match: Livingston vs Rangers (22-02-2026 15:00)
2026-02-23 16:59:41,525 - INFO - [FETCH-20260223-165940-2EC86B02] Removed old match: Celtic vs Hibernian (22-02-2026 15:00)
2026-02-23 16:59:41,525 - INFO - [FETCH-20260223-165940-2EC86B02] Removed old match: Barcelona vs Levante (22-02-2026 15:15)
2026-02-23 16:59:41,525 - INFO - [FETCH-20260223-165940-2EC86B02] Removed old match: Portimonense vs Academico Viseu (22-02-2026 15:30)
2026-02-23 16:59:41,525 - INFO - [FETCH-20260223-165940-2EC86B02] Removed old match: AZ vs Sparta Rotterdam (22-02-2026 15:45)
2026-02-23 16:59:41,526 - INFO - [FETCH-20260223-165940-2EC86B02] Cleanup complete: Removed 11 old matches, 158 matches remaining
2026-02-23 16:59:41,526 - INFO - [FETCH-20260223-165940-2EC86B02] Merge complete: 0 new, 0 updated, 158 total
2026-02-23 16:59:41,530 - INFO - [FETCH-20260223-165940-2EC86B02] Data saved to live_events.json
2026-02-23 16:59:41,530 - INFO - [FETCH-20260223-165940-2EC86B02] Summary:
2026-02-23 16:59:41,530 - INFO - [FETCH-20260223-165940-2EC86B02] - Sportsonline ('Toes In The Blender') matches: 16
2026-02-23 16:59:41,530 - INFO - [FETCH-20260223-165940-2EC86B02] - Final total matches in file: 158
2026-02-23 16:59:41,530 - INFO - [FETCH-20260223-165940-2EC86B02] Scraper run completed successfully
2026-02-23 19:05:30,903 - INFO - [FETCH-20260223-190530-1F1FDC9D] Starting sportsonline football match scraper...
2026-02-23 19:05:30,903 - INFO - ============================================================
2026-02-23 19:05:30,903 - INFO - [FETCH-20260223-190530-1F1FDC9D] Starting cleanup operations...
2026-02-23 19:05:30,903 - INFO - [FETCH-20260223-190530-1F1FDC9D] Cleaning up old log entries...
2026-02-23 19:05:30,915 - INFO - [FETCH-20260223-190530-1F1FDC9D] Log cleanup complete: Removed 20 old log entries
2026-02-23 19:05:30,916 - INFO - [FETCH-20260223-190530-1F1FDC9D] Fetching matches from sportsonline.gl...
2026-02-23 19:05:32,508 - INFO - [FETCH-20260223-190530-1F1FDC9D] Fetched 16 valid matches from sportsonline.gl
2026-02-23 19:05:32,510 - INFO - [FETCH-20260223-190530-1F1FDC9D] Merging with existing data...
2026-02-23 19:05:32,510 - INFO - [FETCH-20260223-190530-1F1FDC9D] Cleaning up old matches...
2026-02-23 19:05:32,510 - INFO - [FETCH-20260223-190530-1F1FDC9D] Removed old match: Larissa vs PAOK (22-02-2026 16:00)
2026-02-23 19:05:32,510 - INFO - [FETCH-20260223-190530-1F1FDC9D] Removed old match: Angers SCO vs Lille (22-02-2026 16:15)
2026-02-23 19:05:32,510 - INFO - [FETCH-20260223-190530-1F1FDC9D] Removed old match: Tottenham Hotspur vs Arsenal (22-02-2026 16:30)
2026-02-23 19:05:32,510 - INFO - [FETCH-20260223-190530-1F1FDC9D] Removed old match: St. Pauli vs Werder Bremen (22-02-2026 16:30)
2026-02-23 19:05:32,510 - INFO - [FETCH-20260223-190530-1F1FDC9D] Removed old match: Milan vs Parma (22-02-2026 17:00)
2026-02-23 19:05:32,510 - INFO - [FETCH-20260223-190530-1F1FDC9D] Removed old match: Beşiktaş vs Göztepe (22-02-2026 17:00)
2026-02-23 19:05:32,510 - INFO - [FETCH-20260223-190530-1F1FDC9D] Removed old match: Celta de Vigo vs Mallorca (22-02-2026 17:30)
2026-02-23 19:05:32,511 - INFO - [FETCH-20260223-190530-1F1FDC9D] Removed old match: Estoril vs Gil Vicente (22-02-2026 18:00)
2026-02-23 19:05:32,511 - INFO - [FETCH-20260223-190530-1F1FDC9D] Removed old match: AEK Athens vs Levadiakos (22-02-2026 18:00)
2026-02-23 19:05:32,511 - INFO - [FETCH-20260223-190530-1F1FDC9D] Cleanup complete: Removed 9 old matches, 129 matches remaining
2026-02-23 19:05:32,511 - INFO - [FETCH-20260223-190530-1F1FDC9D] Merge complete: 0 new, 0 updated, 129 total
2026-02-23 19:05:32,514 - INFO - [FETCH-20260223-190530-1F1FDC9D] Data saved to live_events.json
2026-02-23 19:05:32,515 - INFO - [FETCH-20260223-190530-1F1FDC9D] Summary:
2026-02-23 19:05:32,515 - INFO - [FETCH-20260223-190530-1F1FDC9D] - Sportsonline ('Toes In The Blender') matches: 16
2026-02-23 19:05:32,515 - INFO - [FETCH-20260223-190530-1F1FDC9D] - Final total matches in file: 129
2026-02-23 19:05:32,515 - INFO - [FETCH-20260223-190530-1F1FDC9D] Scraper run completed successfully
2026-02-23 20:45:56,008 - INFO - [FETCH-20260223-204556-F58B06EF] Starting sportsonline football match scraper...
2026-02-23 20:45:56,008 - INFO - ============================================================
2026-02-23 20:45:56,008 - INFO - [FETCH-20260223-204556-F58B06EF] Starting cleanup operations...
2026-02-23 20:45:56,008 - INFO - [FETCH-20260223-204556-F58B06EF] Cleaning up old log entries...
2026-02-23 20:45:56,018 - INFO - [FETCH-20260223-204556-F58B06EF] Log cleanup complete: Removed 29 old log entries
2026-02-23 20:45:56,018 - INFO - [FETCH-20260223-204556-F58B06EF] Fetching matches from sportsonline.gl...
2026-02-23 20:45:57,455 - INFO - [FETCH-20260223-204556-F58B06EF] Fetched 16 valid matches from sportsonline.gl
2026-02-23 20:45:57,457 - INFO - [FETCH-20260223-204556-F58B06EF] Merging with existing data...
2026-02-23 20:45:57,457 - INFO - [FETCH-20260223-204556-F58B06EF] Cleaning up old matches...
2026-02-23 20:45:57,457 - INFO - [FETCH-20260223-204556-F58B06EF] Removed old match: Heidenheim vs Stuttgart (22-02-2026 18:30)
2026-02-23 20:45:57,457 - INFO - [FETCH-20260223-204556-F58B06EF] Removed old match: Feyenoord vs Telstar (22-02-2026 19:00)
2026-02-23 20:45:57,457 - INFO - [FETCH-20260223-204556-F58B06EF] Removed old match: Novorizontino vs Santos (22-02-2026 19:00)
2026-02-23 20:45:57,457 - INFO - [FETCH-20260223-204556-F58B06EF] Removed old match: Feyenoord vs Telstar (22-02-2026 19:00)
2026-02-23 20:45:57,457 - INFO - [FETCH-20260223-204556-F58B06EF] Removed old match: Roma vs Cremonese (22-02-2026 19:45)
2026-02-23 20:45:57,457 - INFO - [FETCH-20260223-204556-F58B06EF] Removed old match: Strasbourg vs Olympique Lyonnais (22-02-2026 19:45)
2026-02-23 20:45:57,457 - INFO - [FETCH-20260223-204556-F58B06EF] Removed old match: Roma vs Cremonese (22-02-2026 19:45)
2026-02-23 20:45:57,457 - INFO - [FETCH-20260223-204556-F58B06EF] Removed old match: Strasbourg vs Olympique Lyonnais (22-02-2026 19:45)
2026-02-23 20:45:57,457 - INFO - [FETCH-20260223-204556-F58B06EF] Cleanup complete: Removed 8 old matches, 121 matches remaining
2026-02-23 20:45:57,457 - INFO - [FETCH-20260223-204556-F58B06EF] Merge complete: 0 new, 0 updated, 121 total
2026-02-23 20:45:57,460 - INFO - [FETCH-20260223-204556-F58B06EF] Data saved to live_events.json
2026-02-23 20:45:57,460 - INFO - [FETCH-20260223-204556-F58B06EF] Summary:
2026-02-23 20:45:57,460 - INFO - [FETCH-20260223-204556-F58B06EF] - Sportsonline ('Toes In The Blender') matches: 16
2026-02-23 20:45:57,460 - INFO - [FETCH-20260223-204556-F58B06EF] - Final total matches in file: 121
2026-02-23 20:45:57,460 - INFO - [FETCH-20260223-204556-F58B06EF] Scraper run completed successfully
2026-02-23 22:42:22,670 - INFO - [FETCH-20260223-224222-F971E0DE] Starting sportsonline football match scraper...
2026-02-23 22:42:22,670 - INFO - ============================================================
2026-02-23 22:42:22,670 - INFO - [FETCH-20260223-224222-F971E0DE] Starting cleanup operations...
2026-02-23 22:42:22,670 - INFO - [FETCH-20260223-224222-F971E0DE] Cleaning up old log entries...
2026-02-23 22:42:22,681 - INFO - [FETCH-20260223-224222-F971E0DE] Log cleanup complete: Removed 26 old log entries
2026-02-23 22:42:22,681 - INFO - [FETCH-20260223-224222-F971E0DE] Fetching matches from sportsonline.gl...
2026-02-23 22:42:24,091 - INFO - [FETCH-20260223-224222-F971E0DE] Fetched 2 valid matches from sportsonline.gl
2026-02-23 22:42:24,093 - INFO - [FETCH-20260223-224222-F971E0DE] Merging with existing data...
2026-02-23 22:42:24,093 - INFO - [FETCH-20260223-224222-F971E0DE] Cleaning up old matches...
2026-02-23 22:42:24,093 - INFO - [FETCH-20260223-224222-F971E0DE] Removed old match: Villarreal vs Valencia (22-02-2026 20:00)
2026-02-23 22:42:24,093 - INFO - [FETCH-20260223-224222-F971E0DE] Removed old match: Málaga vs Albacete (22-02-2026 20:00)
2026-02-23 22:42:24,093 - INFO - [FETCH-20260223-224222-F971E0DE] Removed old match: Porto vs Rio Ave (22-02-2026 20:30)
2026-02-23 22:42:24,093 - INFO - [FETCH-20260223-224222-F971E0DE] Removed old match: Juventude vs Grêmio (22-02-2026 21:00)
2026-02-23 22:42:24,093 - INFO - [FETCH-20260223-224222-F971E0DE] Removed old match: Atlético Mineiro vs América Mineiro (22-02-2026 21:00)
2026-02-23 22:42:24,093 - INFO - [FETCH-20260223-224222-F971E0DE] Removed old match: Santa Fe vs Junior (22-02-2026 21:00)
2026-02-23 22:42:24,094 - INFO - [FETCH-20260223-224222-F971E0DE] Removed old match: Vélez Sarsfield vs River Plate (22-02-2026 21:30)
2026-02-23 22:42:24,094 - INFO - [FETCH-20260223-224222-F971E0DE] Cleanup complete: Removed 7 old matches, 133 matches remaining
2026-02-23 22:42:24,094 - INFO - [FETCH-20260223-224222-F971E0DE] Merge complete: 0 new, 0 updated, 133 total
2026-02-23 22:42:24,098 - INFO - [FETCH-20260223-224222-F971E0DE] Data saved to live_events.json
2026-02-23 22:42:24,098 - INFO - [FETCH-20260223-224222-F971E0DE] Summary:
2026-02-23 22:42:24,098 - INFO - [FETCH-20260223-224222-F971E0DE] - Sportsonline ('Toes In The Blender') matches: 2
2026-02-23 22:42:24,098 - INFO - [FETCH-20260223-224222-F971E0DE] - Final total matches in file: 133
2026-02-23 22:42:24,098 - INFO - [FETCH-20260223-224222-F971E0DE] Scraper run completed successfully
2026-02-24 02:23:34,349 - INFO - [FETCH-20260224-022334-62405E28] Starting sportsonline football match scraper...
2026-02-24 02:23:34,350 - INFO - ============================================================
2026-02-24 02:23:34,350 - INFO - [FETCH-20260224-022334-62405E28] Starting cleanup operations...
2026-02-24 02:23:34,350 - INFO - [FETCH-20260224-022334-62405E28] Cleaning up old log entries...
2026-02-24 02:23:34,361 - INFO - [FETCH-20260224-022334-62405E28] Fetching matches from sportsonline.gl...
2026-02-24 02:23:35,660 - INFO - [FETCH-20260224-022334-62405E28] Fetched 19 valid matches from sportsonline.gl
2026-02-24 02:23:35,662 - INFO - [FETCH-20260224-022334-62405E28] Merging with existing data...
2026-02-24 02:23:35,662 - INFO - [FETCH-20260224-022334-62405E28] Cleaning up old matches...
2026-02-24 02:23:35,662 - INFO - [FETCH-20260224-022334-62405E28] Removed old match: Pumas UNAM vs Monterrey (22-02-2026 23:00)
2026-02-24 02:23:35,662 - INFO - [FETCH-20260224-022334-62405E28] Removed old match: Boyacá Chicó vs Rionegro Águilas (22-02-2026 23:10)
2026-02-24 02:23:35,662 - INFO - [FETCH-20260224-022334-62405E28] Removed old match: Flamengo vs Madureira (22-02-2026 23:30)
2026-02-24 02:23:35,662 - INFO - [FETCH-20260224-022334-62405E28] Removed old match: Portuguesa vs Corinthians (22-02-2026 23:30)
2026-02-24 02:23:35,662 - INFO - [FETCH-20260224-022334-62405E28] Removed old match: Jamaica U20 vs Bonaire U20 (23-02-2026 00:00)
2026-02-24 02:23:35,662 - INFO - [FETCH-20260224-022334-62405E28] Removed old match: Palmeiras U20 vs São Paulo U20 (23-02-2026 00:00)
2026-02-24 02:23:35,662 - INFO - [FETCH-20260224-022334-62405E28] Removed old match: Queretaro vs Juarez (23-02-2026 01:00)
2026-02-24 02:23:35,663 - INFO - [FETCH-20260224-022334-62405E28] Cleanup complete: Removed 7 old matches, 120 matches remaining
2026-02-24 02:23:35,663 - INFO - [FETCH-20260224-022334-62405E28] New match: Fortaleza vs Maguary-PE
2026-02-24 02:23:35,663 - INFO - [FETCH-20260224-022334-62405E28] New match: Boca Juniors vs Gimnasia Chivilcoy
2026-02-24 02:23:35,663 - INFO - [FETCH-20260224-022334-62405E28] New match: Sporting Cristal vs 2 de Mayo
2026-02-24 02:23:35,663 - INFO - [FETCH-20260224-022334-62405E28] New match: Gimnasia Mendoza vs Independiente
2026-02-24 02:23:35,663 - INFO - [FETCH-20260224-022334-62405E28] New match: Nashville SC vs Atlético Ottawa
2026-02-24 02:23:35,663 - INFO - [FETCH-20260224-022334-62405E28] New match: Los Angeles FC vs Real España
2026-02-24 02:23:35,663 - INFO - [FETCH-20260224-022334-62405E28] New match: Internazionale U19 vs Real Betis U19
2026-02-24 02:23:35,663 - INFO - [FETCH-20260224-022334-62405E28] New match: Eintracht Frankfurt U19 vs Sporting U19
2026-02-24 02:23:35,663 - INFO - [FETCH-20260224-022334-62405E28] New match: Atlético Madrid vs Club Brugge
2026-02-24 02:23:35,663 - INFO - [FETCH-20260224-022334-62405E28] New match: Al Taawon vs Al Hilal
2026-02-24 02:23:35,663 - INFO - [FETCH-20260224-022334-62405E28] New match: Boavista vs Maringá
2026-02-24 02:23:35,663 - INFO - [FETCH-20260224-022334-62405E28] New match: Bayer Leverkusen vs Olympiakos Piraeus
2026-02-24 02:23:35,663 - INFO - [FETCH-20260224-022334-62405E28] New match: Internazionale vs Bodø / Glimt
2026-02-24 02:23:35,664 - INFO - [FETCH-20260224-022334-62405E28] New match: Newcastle United vs Qarabağ
2026-02-24 02:23:35,664 - INFO - [FETCH-20260224-022334-62405E28] New match: Southampton vs Queens Park Rangers
2026-02-24 02:23:35,664 - INFO - [FETCH-20260224-022334-62405E28] New match: St. Vincent U20 vs Anguila U20
2026-02-24 02:23:35,664 - INFO - [FETCH-20260224-022334-62405E28] New match: Huachipato vs Carabobo
2026-02-24 02:23:35,664 - INFO - [FETCH-20260224-022334-62405E28] New match: Joinville vs CSA
2026-02-24 02:23:35,664 - INFO - [FETCH-20260224-022334-62405E28] New match: San Lorenzo vs Instituto
2026-02-24 02:23:35,664 - INFO - [FETCH-20260224-022334-62405E28] Merge complete: 19 new, 0 updated, 139 total
2026-02-24 02:23:35,667 - INFO - [FETCH-20260224-022334-62405E28] Data saved to live_events.json
2026-02-24 02:23:35,667 - INFO - [FETCH-20260224-022334-62405E28] Summary:
2026-02-24 02:23:35,667 - INFO - [FETCH-20260224-022334-62405E28] - Sportsonline ('Toes In The Blender') matches: 19
2026-02-24 02:23:35,667 - INFO - [FETCH-20260224-022334-62405E28] - Final total matches in file: 139
2026-02-24 02:23:35,667 - INFO - [FETCH-20260224-022334-62405E28] Scraper run completed successfully
2026-02-24 05:21:28,388 - INFO - [FETCH-20260224-052128-774AA820] Starting sportsonline football match scraper...
2026-02-24 05:21:28,388 - INFO - ============================================================
2026-02-24 05:21:28,388 - INFO - [FETCH-20260224-052128-774AA820] Starting cleanup operations...
2026-02-24 05:21:28,388 - INFO - [FETCH-20260224-052128-774AA820] Cleaning up old log entries...
2026-02-24 05:21:28,400 - INFO - [FETCH-20260224-052128-774AA820] Log cleanup complete: Removed 94 old log entries
2026-02-24 05:21:28,400 - INFO - [FETCH-20260224-052128-774AA820] Fetching matches from sportsonline.gl...
2026-02-24 05:21:29,403 - INFO - [FETCH-20260224-052128-774AA820] Fetched 19 valid matches from sportsonline.gl
2026-02-24 05:21:29,405 - INFO - [FETCH-20260224-052128-774AA820] Merging with existing data...
2026-02-24 05:21:29,405 - INFO - [FETCH-20260224-052128-774AA820] Cleaning up old matches...
2026-02-24 05:21:29,406 - INFO - [FETCH-20260224-052128-774AA820] No old matches to remove
2026-02-24 05:21:29,406 - INFO - [FETCH-20260224-052128-774AA820] Merge complete: 0 new, 0 updated, 137 total
2026-02-24 05:21:29,409 - INFO - [FETCH-20260224-052128-774AA820] Data saved to live_events.json
2026-02-24 05:21:29,409 - INFO - [FETCH-20260224-052128-774AA820] Summary:
2026-02-24 05:21:29,409 - INFO - [FETCH-20260224-052128-774AA820] - Sportsonline ('Toes In The Blender') matches: 19
2026-02-24 05:21:29,409 - INFO - [FETCH-20260224-052128-774AA820] - Final total matches in file: 137
2026-02-24 05:21:29,409 - INFO - [FETCH-20260224-052128-774AA820] Scraper run completed successfully
2026-02-24 07:02:42,950 - INFO - [FETCH-20260224-070242-CD85348F] Starting sportsonline football match scraper...
2026-02-24 07:02:42,950 - INFO - ============================================================
2026-02-24 07:02:42,950 - INFO - [FETCH-20260224-070242-CD85348F] Starting cleanup operations...
2026-02-24 07:02:42,950 - INFO - [FETCH-20260224-070242-CD85348F] Cleaning up old log entries...
2026-02-24 07:02:42,961 - INFO - [FETCH-20260224-070242-CD85348F] Log cleanup complete: Removed 19 old log entries
2026-02-24 07:02:42,961 - INFO - [FETCH-20260224-070242-CD85348F] Fetching matches from sportsonline.gl...
2026-02-24 07:02:43,911 - INFO - [FETCH-20260224-070242-CD85348F] Fetched 19 valid matches from sportsonline.gl
2026-02-24 07:02:43,913 - INFO - [FETCH-20260224-070242-CD85348F] Merging with existing data...
2026-02-24 07:02:43,913 - INFO - [FETCH-20260224-070242-CD85348F] Cleaning up old matches...
2026-02-24 07:02:43,913 - INFO - [FETCH-20260224-070242-CD85348F] No old matches to remove
2026-02-24 07:02:43,914 - INFO - [FETCH-20260224-070242-CD85348F] Merge complete: 0 new, 0 updated, 137 total
2026-02-24 07:02:43,917 - INFO - [FETCH-20260224-070242-CD85348F] Data saved to live_events.json
2026-02-24 07:02:43,917 - INFO - [FETCH-20260224-070242-CD85348F] Summary:
2026-02-24 07:02:43,917 - INFO - [FETCH-20260224-070242-CD85348F] - Sportsonline ('Toes In The Blender') matches: 19
2026-02-24 07:02:43,917 - INFO - [FETCH-20260224-070242-CD85348F] - Final total matches in file: 137
2026-02-24 07:02:43,917 - INFO - [FETCH-20260224-070242-CD85348F] Scraper run completed successfully
2026-02-24 08:52:25,592 - INFO - [FETCH-20260224-085225-AA04803C] Starting sportsonline football match scraper...
2026-02-24 08:52:25,592 - INFO - ============================================================
2026-02-24 08:52:25,592 - INFO - [FETCH-20260224-085225-AA04803C] Starting cleanup operations...
2026-02-24 08:52:25,592 - INFO - [FETCH-20260224-085225-AA04803C] Cleaning up old log entries...
2026-02-24 08:52:25,603 - INFO - [FETCH-20260224-085225-AA04803C] Log cleanup complete: Removed 19 old log entries
2026-02-24 08:52:25,603 - INFO - [FETCH-20260224-085225-AA04803C] Fetching matches from sportsonline.gl...
2026-02-24 08:52:27,023 - INFO - [FETCH-20260224-085225-AA04803C] Fetched 19 valid matches from sportsonline.gl
2026-02-24 08:52:27,025 - INFO - [FETCH-20260224-085225-AA04803C] Merging with existing data...
2026-02-24 08:52:27,025 - INFO - [FETCH-20260224-085225-AA04803C] Cleaning up old matches...
2026-02-24 08:52:27,026 - INFO - [FETCH-20260224-085225-AA04803C] No old matches to remove
2026-02-24 08:52:27,026 - INFO - [FETCH-20260224-085225-AA04803C] Merge complete: 0 new, 0 updated, 137 total
2026-02-24 08:52:27,029 - INFO - [FETCH-20260224-085225-AA04803C] Data saved to live_events.json
2026-02-24 08:52:27,029 - INFO - [FETCH-20260224-085225-AA04803C] Summary:
2026-02-24 08:52:27,029 - INFO - [FETCH-20260224-085225-AA04803C] - Sportsonline ('Toes In The Blender') matches: 19
2026-02-24 08:52:27,029 - INFO - [FETCH-20260224-085225-AA04803C] - Final total matches in file: 137
2026-02-24 08:52:27,029 - INFO - [FETCH-20260224-085225-AA04803C] Scraper run completed successfully
2026-02-24 10:51:54,551 - INFO - [FETCH-20260224-105154-C4EF4E0D] Starting sportsonline football match scraper...
2026-02-24 10:51:54,551 - INFO - ============================================================
2026-02-24 10:51:54,552 - INFO - [FETCH-20260224-105154-C4EF4E0D] Starting cleanup operations...
2026-02-24 10:51:54,552 - INFO - [FETCH-20260224-105154-C4EF4E0D] Cleaning up old log entries...
2026-02-24 10:51:54,562 - INFO - [FETCH-20260224-105154-C4EF4E0D] Log cleanup complete: Removed 19 old log entries
2026-02-24 10:51:54,562 - INFO - [FETCH-20260224-105154-C4EF4E0D] Fetching matches from sportsonline.gl...
2026-02-24 10:51:55,670 - INFO - [FETCH-20260224-105154-C4EF4E0D] Fetched 19 valid matches from sportsonline.gl
2026-02-24 10:51:55,672 - INFO - [FETCH-20260224-105154-C4EF4E0D] Merging with existing data...
2026-02-24 10:51:55,672 - INFO - [FETCH-20260224-105154-C4EF4E0D] Cleaning up old matches...
2026-02-24 10:51:55,672 - INFO - [FETCH-20260224-105154-C4EF4E0D] No old matches to remove
2026-02-24 10:51:55,672 - INFO - [FETCH-20260224-105154-C4EF4E0D] Merge complete: 0 new, 0 updated, 137 total
2026-02-24 10:51:55,676 - INFO - [FETCH-20260224-105154-C4EF4E0D] Data saved to live_events.json
2026-02-24 10:51:55,676 - INFO - [FETCH-20260224-105154-C4EF4E0D] Summary:
2026-02-24 10:51:55,676 - INFO - [FETCH-20260224-105154-C4EF4E0D] - Sportsonline ('Toes In The Blender') matches: 19
2026-02-24 10:51:55,676 - INFO - [FETCH-20260224-105154-C4EF4E0D] - Final total matches in file: 137
2026-02-24 10:51:55,676 - INFO - [FETCH-20260224-105154-C4EF4E0D] Scraper run completed successfully
2026-02-24 13:11:02,116 - INFO - [FETCH-20260224-131102-9C99AC1B] Starting sportsonline football match scraper...
2026-02-24 13:11:02,116 - INFO - ============================================================
2026-02-24 13:11:02,116 - INFO - [FETCH-20260224-131102-9C99AC1B] Starting cleanup operations...
2026-02-24 13:11:02,116 - INFO - [FETCH-20260224-131102-9C99AC1B] Cleaning up old log entries...
2026-02-24 13:11:02,126 - INFO - [FETCH-20260224-131102-9C99AC1B] Log cleanup complete: Removed 19 old log entries
2026-02-24 13:11:02,126 - INFO - [FETCH-20260224-131102-9C99AC1B] Fetching matches from sportsonline.gl...
2026-02-24 13:11:03,584 - INFO - [FETCH-20260224-131102-9C99AC1B] Fetched 19 valid matches from sportsonline.gl
2026-02-24 13:11:03,586 - INFO - [FETCH-20260224-131102-9C99AC1B] Merging with existing data...
2026-02-24 13:11:03,586 - INFO - [FETCH-20260224-131102-9C99AC1B] Cleaning up old matches...
2026-02-24 13:11:03,586 - INFO - [FETCH-20260224-131102-9C99AC1B] No old matches to remove
2026-02-24 13:11:03,586 - INFO - [FETCH-20260224-131102-9C99AC1B] Merge complete: 0 new, 0 updated, 136 total
2026-02-24 13:11:03,589 - INFO - [FETCH-20260224-131102-9C99AC1B] Data saved to live_events.json
2026-02-24 13:11:03,589 - INFO - [FETCH-20260224-131102-9C99AC1B] Summary:
2026-02-24 13:11:03,589 - INFO - [FETCH-20260224-131102-9C99AC1B] - Sportsonline ('Toes In The Blender') matches: 19
2026-02-24 13:11:03,589 - INFO - [FETCH-20260224-131102-9C99AC1B] - Final total matches in file: 136
2026-02-24 13:11:03,590 - INFO - [FETCH-20260224-131102-9C99AC1B] Scraper run completed successfully
