2026-01-18 12:34:06,323 - INFO - Starting Streamed API Scraper...
2026-01-18 12:34:06,325 - INFO - Fetching: https://streamed.pk/api/matches/all
2026-01-18 12:34:10,632 - INFO - Found 370 matches. Processing...
2026-01-18 12:34:10,633 - INFO - Processing Match: Iran U20 U20 vs Luxembourg U20 U20 (hockey) - 1 sources
2026-01-18 12:34:10,634 - INFO - Fetching: https://streamed.pk/api/stream/delta/live_u20-world-championship-division-iii-group-b_iran-u20-u20-luxembourg-u20-u20-live-streaming-492034608
2026-01-18 12:34:11,222 - INFO - Processing Match: Brisbane Heat vs Sydney Sixers (cricket) - 2 sources
2026-01-18 12:34:11,223 - INFO - Fetching: https://streamed.pk/api/stream/charlie/brisbane-heat-vs-sydney-sixers-1629473671
2026-01-18 12:34:12,019 - INFO -   + Found stream: https://embedsports.top/embed/charlie/brisbane-heat-vs-sydney-sixers-1629473671/1 (English, SD/HD)
2026-01-18 12:34:12,120 - INFO - Fetching: https://streamed.pk/api/stream/echo/bbl-brisbane-heat-vs-sydney-sixers-game-126262
2026-01-18 12:34:12,592 - INFO -   + Found stream: https://embedsports.top/embed/echo/bbl-brisbane-heat-vs-sydney-sixers-game-126262/1 (, SD/HD)
2026-01-18 12:34:12,593 - INFO -   + Found stream: https://embedsports.top/embed/echo/bbl-brisbane-heat-vs-sydney-sixers-game-126262/2 (, SD/HD)
2026-01-18 12:34:12,594 - INFO -   + Found stream: https://embedsports.top/embed/echo/bbl-brisbane-heat-vs-sydney-sixers-game-126262/3 (, SD/HD)
2026-01-18 12:34:12,695 - INFO - Saved event: Brisbane Heat vs Sydney Sixers
2026-01-18 12:34:12,697 - INFO - Processing Match: Australian Open vs Rod Laver Arena Sabalenka - Rakotomanga Rajaonah (tennis) - 2 sources
2026-01-18 12:34:12,698 - INFO - Fetching: https://streamed.pk/api/stream/bravo/1768723200000-australian-open-rod-laver-arena-sabalenka-rakotomanga-rajaonah
2026-01-18 12:34:13,129 - INFO -   + Found stream: https://embedsports.top/embed/bravo/1768723200000-australian-open-rod-laver-arena-sabalenka-rakotomanga-rajaonah/1 (English, SD/HD)
2026-01-18 12:34:13,232 - INFO - Fetching: https://streamed.pk/api/stream/charlie/rod-laver-arena-1629473669
2026-01-18 12:34:13,734 - INFO -   + Found stream: https://embedsports.top/embed/charlie/rod-laver-arena-1629473669/1 (English, SD/HD)
2026-01-18 12:34:13,835 - INFO - Saved event: Australian Open vs Rod Laver Arena Sabalenka - Rakotomanga Rajaonah
2026-01-18 12:34:13,836 - INFO - Processing Match: Australian Open vs John Cain Arena Danilovic - Williams (tennis) - 2 sources
2026-01-18 12:34:13,836 - INFO - Fetching: https://streamed.pk/api/stream/bravo/1768723200000-australian-open-john-cain-arena-danilovic-williams
2026-01-18 12:34:14,254 - INFO -   + Found stream: https://embedsports.top/embed/bravo/1768723200000-australian-open-john-cain-arena-danilovic-williams/1 (English, SD/HD)
2026-01-18 12:34:14,358 - INFO - Fetching: https://streamed.pk/api/stream/charlie/john-cain-arena-1629473665
2026-01-18 12:34:14,832 - INFO -   + Found stream: https://embedsports.top/embed/charlie/john-cain-arena-1629473665/1 (English, SD/HD)
2026-01-18 12:34:14,933 - INFO - Saved event: Australian Open vs John Cain Arena Danilovic - Williams
2026-01-18 12:34:14,937 - INFO - Processing Match: Australian Open vs Margaret Court Arena Bublik - Brooksby (tennis) - 2 sources
2026-01-18 12:34:14,941 - INFO - Fetching: https://streamed.pk/api/stream/bravo/1768723200000-australian-open-margaret-court-arena-bublik-brooksby
2026-01-18 12:34:15,537 - INFO -   + Found stream: https://embedsports.top/embed/bravo/1768723200000-australian-open-margaret-court-arena-bublik-brooksby/1 (English, SD/HD)
2026-01-18 12:34:15,638 - INFO - Fetching: https://streamed.pk/api/stream/charlie/margaret-court-arena-1629473648
2026-01-18 12:34:18,568 - INFO -   + Found stream: https://embedsports.top/embed/charlie/margaret-court-arena-1629473648/1 (English, SD/HD)
2026-01-18 12:34:18,669 - INFO - Saved event: Australian Open vs Margaret Court Arena Bublik - Brooksby
2026-01-18 12:34:18,670 - INFO - Processing Match: Dubai Invitational | DP World Tour (other) - 1 sources
2026-01-18 12:34:18,671 - INFO - Fetching: https://streamed.pk/api/stream/echo/dubai-invitational-dp-world-tour-pga-526234
2026-01-18 12:34:20,331 - INFO -   + Found stream: https://embedsports.top/embed/echo/dubai-invitational-dp-world-tour-pga-526234/1 (, SD/HD)
2026-01-18 12:34:20,332 - INFO -   + Found stream: https://embedsports.top/embed/echo/dubai-invitational-dp-world-tour-pga-526234/2 (, SD/HD)
2026-01-18 12:34:20,332 - INFO -   + Found stream: https://embedsports.top/embed/echo/dubai-invitational-dp-world-tour-pga-526234/3 (, SD/HD)
2026-01-18 12:34:20,433 - INFO - Saved event: Dubai Invitational | DP World Tour
2026-01-18 12:34:20,435 - INFO - Processing Match: ICC Under-19 Cricket World Cup: England vs Zimbabwe (cricket) - 1 sources
2026-01-18 12:34:20,436 - INFO - Fetching: https://streamed.pk/api/stream/charlie/england-vs-zimbabwe-1629473667
2026-01-18 12:34:20,979 - INFO -   + Found stream: https://embedsports.top/embed/charlie/england-vs-zimbabwe-1629473667/1 (English, SD/HD)
2026-01-18 12:34:21,081 - INFO - Saved event: ICC Under-19 Cricket World Cup: England vs Zimbabwe
2026-01-18 12:34:21,081 - INFO - Processing Match: Australian Open vs Kia Arena Pavlyuchenkova - Bai (tennis) - 2 sources
2026-01-18 12:34:21,082 - INFO - Fetching: https://streamed.pk/api/stream/bravo/1768717800000-australian-open-kia-arena-pavlyuchenkova-bai
2026-01-18 12:34:21,664 - INFO -   + Found stream: https://embedsports.top/embed/bravo/1768717800000-australian-open-kia-arena-pavlyuchenkova-bai/1 (English, SD/HD)
2026-01-18 12:34:21,769 - INFO - Fetching: https://streamed.pk/api/stream/charlie/kia-arena-1629473646
2026-01-18 12:34:22,204 - INFO -   + Found stream: https://embedsports.top/embed/charlie/kia-arena-1629473646/1 (English, SD/HD)
2026-01-18 12:34:22,335 - INFO - Saved event: Australian Open vs Kia Arena Pavlyuchenkova - Bai
2026-01-18 12:34:22,337 - INFO - Processing Match: Central Coast Mariners W vs Perth Glory W (football) - 1 sources
2026-01-18 12:34:22,337 - INFO - Fetching: https://streamed.pk/api/stream/bravo/1768716000000-central-coast-mariners-w-perth-glory-w
2026-01-18 12:34:22,766 - INFO -   + Found stream: https://embedsports.top/embed/bravo/1768716000000-central-coast-mariners-w-perth-glory-w/1 (English, SD/HD)
2026-01-18 12:34:22,867 - INFO - Saved event: Central Coast Mariners W vs Perth Glory W
2026-01-18 12:34:22,868 - INFO - Processing Match: Townsville W vs Canberra Capitals W (basketball) - 1 sources
2026-01-18 12:34:22,870 - INFO - Fetching: https://streamed.pk/api/stream/bravo/1768716000000-townsville-w-canberra-capitals-w
2026-01-18 12:34:23,337 - INFO -   + Found stream: https://embedsports.top/embed/bravo/1768716000000-townsville-w-canberra-capitals-w/1 (English, SD/HD)
2026-01-18 12:34:23,437 - INFO - Saved event: Townsville W vs Canberra Capitals W
2026-01-18 12:34:23,439 - INFO - Processing Match: Sydney FC vs Wellington Phoenix (football) - 1 sources
2026-01-18 12:34:23,439 - INFO - Fetching: https://streamed.pk/api/stream/bravo/1768716000000-sydney-fc-wellington-phoenix
2026-01-18 12:34:25,543 - INFO -   + Found stream: https://embedsports.top/embed/bravo/1768716000000-sydney-fc-wellington-phoenix/1 (English, SD/HD)
2026-01-18 12:34:25,646 - INFO - Saved event: Sydney FC vs Wellington Phoenix
2026-01-18 12:34:25,649 - INFO - Processing Match: Australian Open vs ANZ Arena Lamens - Potapova (tennis) - 2 sources
2026-01-18 12:34:25,652 - INFO - Fetching: https://streamed.pk/api/stream/bravo/1768714500000-australian-open-anz-arena-lamens-potapova
2026-01-18 12:34:26,709 - INFO -   + Found stream: https://embedsports.top/embed/bravo/1768714500000-australian-open-anz-arena-lamens-potapova/1 (English, SD/HD)
2026-01-18 12:34:26,810 - INFO - Fetching: https://streamed.pk/api/stream/charlie/anz-arena-1629473642
2026-01-18 12:34:27,323 - INFO -   + Found stream: https://embedsports.top/embed/charlie/anz-arena-1629473642/1 (English, SD/HD)
2026-01-18 12:34:27,424 - INFO - Saved event: Australian Open vs ANZ Arena Lamens - Potapova
2026-01-18 12:34:27,425 - INFO - Processing Match: Australian Open vs Court 7 Kudermetova - Maristany (tennis) - 1 sources
2026-01-18 12:34:27,426 - INFO - Fetching: https://streamed.pk/api/stream/bravo/1768712400000-australian-open-court-7-kudermetova-maristany
2026-01-18 12:34:28,020 - INFO -   + Found stream: https://embedsports.top/embed/bravo/1768712400000-australian-open-court-7-kudermetova-maristany/1 (English, SD/HD)
2026-01-18 12:34:28,122 - INFO - Saved event: Australian Open vs Court 7 Kudermetova - Maristany
2026-01-18 12:34:28,126 - INFO - Processing Match: Australian Open vs Court 13 Blockx - Faria (tennis) - 1 sources
2026-01-18 12:34:28,127 - INFO - Fetching: https://streamed.pk/api/stream/bravo/1768710600000-australian-open-court-13-blockx-faria
2026-01-18 12:34:28,809 - INFO -   + Found stream: https://embedsports.top/embed/bravo/1768710600000-australian-open-court-13-blockx-faria/1 (English, SD/HD)
2026-01-18 12:34:28,916 - INFO - Saved event: Australian Open vs Court 13 Blockx - Faria
2026-01-18 12:34:28,921 - INFO - Processing Match: NFL PrimeTime (american-football) - 1 sources
2026-01-18 12:34:28,927 - INFO - Fetching: https://streamed.pk/api/stream/bravo/1768710000000-nfl-primetime
2026-01-18 12:34:30,497 - INFO -   + Found stream: https://embedsports.top/embed/bravo/1768710000000-nfl-primetime/1 (English, SD/HD)
2026-01-18 12:34:30,599 - INFO - Saved event: NFL PrimeTime
2026-01-18 12:34:30,600 - INFO - Processing Match: Australian Open vs Court 6 Hanfmann - Svajda (tennis) - 1 sources
2026-01-18 12:34:30,600 - INFO - Fetching: https://streamed.pk/api/stream/bravo/1768709400000-australian-open-court-6-hanfmann-svajda
2026-01-18 12:34:31,169 - INFO -   + Found stream: https://embedsports.top/embed/bravo/1768709400000-australian-open-court-6-hanfmann-svajda/1 (English, SD/HD)
2026-01-18 12:34:31,292 - INFO - Saved event: Australian Open vs Court 6 Hanfmann - Svajda
2026-01-18 12:34:31,295 - INFO - Processing Match: Australian Open vs 1573 Arena Bonzi - Norrie (tennis) - 2 sources
2026-01-18 12:34:31,296 - INFO - Fetching: https://streamed.pk/api/stream/bravo/1768708800000-australian-open-1573-arena-bonzi-norrie
2026-01-18 12:34:32,855 - INFO -   + Found stream: https://embedsports.top/embed/bravo/1768708800000-australian-open-1573-arena-bonzi-norrie/1 (English, SD/HD)
2026-01-18 12:34:32,956 - INFO - Fetching: https://streamed.pk/api/stream/charlie/1573-arena-1629473643
2026-01-18 12:34:33,933 - INFO -   + Found stream: https://embedsports.top/embed/charlie/1573-arena-1629473643/1 (English, SD/HD)
2026-01-18 12:34:34,034 - INFO - Saved event: Australian Open vs 1573 Arena Bonzi - Norrie
2026-01-18 12:34:34,035 - INFO - Processing Match: Alaska vs Alaska Anchorage (hockey) - 1 sources
2026-01-18 12:34:34,037 - INFO - Fetching: https://streamed.pk/api/stream/bravo/1768708800000-alaska-nanooks-alaska-anchorage
2026-01-18 12:34:34,782 - INFO -   + Found stream: https://embedsports.top/embed/bravo/1768708800000-alaska-nanooks-alaska-anchorage/1 (English, SD/HD)
2026-01-18 12:34:34,883 - INFO - Saved event: Alaska vs Alaska Anchorage
2026-01-18 12:34:34,891 - INFO - Processing Match: Australian Open vs Court 8 Draxl - Dzumhur (tennis) - 1 sources
2026-01-18 12:34:34,900 - INFO - Fetching: https://streamed.pk/api/stream/bravo/1768707000000-australian-open-court-8-draxl-dzumhur
2026-01-18 12:34:35,774 - INFO -   + Found stream: https://embedsports.top/embed/bravo/1768707000000-australian-open-court-8-draxl-dzumhur/1 (English, SD/HD)
2026-01-18 12:34:35,879 - INFO - Saved event: Australian Open vs Court 8 Draxl - Dzumhur
2026-01-18 12:34:35,879 - INFO - Processing Match: Adelaide 36ers vs South East Melbourne Phoenix (basketball) - 1 sources
2026-01-18 12:34:35,880 - INFO - Fetching: https://streamed.pk/api/stream/bravo/1768707000000-adelaide-36ers-south-east-melbourne
2026-01-18 12:34:37,441 - INFO -   + Found stream: https://embedsports.top/embed/bravo/1768707000000-adelaide-36ers-south-east-melbourne/1 (English, SD/HD)
2026-01-18 12:34:37,547 - INFO - Saved event: Adelaide 36ers vs South East Melbourne Phoenix
2026-01-18 12:34:37,551 - INFO - Processing Match: Tijuana vs Atletico de San Luis (football) - 1 sources
2026-01-18 12:34:37,553 - INFO - Fetching: https://streamed.pk/api/stream/bravo/1768705560000-club-tijuana-atletico-san-luis
2026-01-18 12:34:38,753 - INFO -   + Found stream: https://embedsports.top/embed/bravo/1768705560000-club-tijuana-atletico-san-luis/1 (Spanish, SD/HD)
2026-01-18 12:34:38,754 - INFO -   + Found stream: https://embedsports.top/embed/bravo/1768705560000-club-tijuana-atletico-san-luis/2 (Spanish Alt, SD/HD)
2026-01-18 12:34:38,855 - INFO - Saved event: Tijuana vs Atletico de San Luis
2026-01-18 12:34:38,856 - INFO - Processing Match: Cruz Azul vs Puebla (football) - 1 sources
2026-01-18 12:34:38,857 - INFO - Fetching: https://streamed.pk/api/stream/bravo/1768705500000-cruz-azul-puebla
2026-01-18 12:34:39,535 - INFO -   + Found stream: https://embedsports.top/embed/bravo/1768705500000-cruz-azul-puebla/1 (Spanish, SD/HD)
2026-01-18 12:34:39,562 - INFO -   + Found stream: https://embedsports.top/embed/bravo/1768705500000-cruz-azul-puebla/2 (Spanish Alt, SD/HD)
2026-01-18 12:34:39,668 - INFO - Saved event: Cruz Azul vs Puebla
2026-01-18 12:34:39,687 - INFO - Processing Match: Jimenez v Bivieseca (Espanol) (other) - 1 sources
2026-01-18 12:34:39,707 - INFO - Fetching: https://streamed.pk/api/stream/echo/ppv-event-09-jimenez-v-bivieseca-espanol-ppv-09
2026-01-18 12:34:40,450 - INFO - Processing Match: Gabriel Jimenez vs Daniel Sanchez Bivieseca (fight) - 1 sources
2026-01-18 12:34:40,458 - INFO - Fetching: https://streamed.pk/api/stream/bravo/1768705200000-gabriel-jimenez-vs-daniel-sanchez-bivieseca
2026-01-18 12:34:41,840 - INFO -   + Found stream: https://embedsports.top/embed/bravo/1768705200000-gabriel-jimenez-vs-daniel-sanchez-bivieseca/1 (English, SD/HD)
2026-01-18 12:34:41,941 - INFO - Saved event: Gabriel Jimenez vs Daniel Sanchez Bivieseca
2026-01-18 12:34:41,942 - INFO - Processing Match: Central Coast Mariners vs Macarthur FC (football) - 1 sources
2026-01-18 12:34:41,943 - INFO - Fetching: https://streamed.pk/api/stream/bravo/1768705200000-central-coast-mariners-macarthur-fc
2026-01-18 12:34:43,436 - INFO -   + Found stream: https://embedsports.top/embed/bravo/1768705200000-central-coast-mariners-macarthur-fc/1 (English, SD/HD)
2026-01-18 12:34:43,537 - INFO - Saved event: Central Coast Mariners vs Macarthur FC
2026-01-18 12:34:43,538 - INFO - Processing Match: Canada vs Guatemala (football) - 1 sources
2026-01-18 12:34:43,539 - INFO - Fetching: https://streamed.pk/api/stream/bravo/1768705200000-canada-guatemala
2026-01-18 12:34:44,598 - INFO -   + Found stream: https://embedsports.top/embed/bravo/1768705200000-canada-guatemala/1 (English, SD/HD)
2026-01-18 12:34:44,599 - INFO -   + Found stream: https://embedsports.top/embed/bravo/1768705200000-canada-guatemala/2 (Spanish, SD/HD)
2026-01-18 12:34:44,700 - INFO - Saved event: Canada vs Guatemala
2026-01-18 12:34:44,701 - INFO - Processing Match: Vancouver Canucks vs Edmonton Oilers (hockey) - 1 sources
2026-01-18 12:34:44,702 - INFO - Fetching: https://streamed.pk/api/stream/bravo/1768705200000-edmonton-oilers-vs-vancouver-canucks
2026-01-18 12:34:45,310 - INFO -   + Found stream: https://embedsports.top/embed/bravo/1768705200000-edmonton-oilers-vs-vancouver-canucks/1 (English, SD/HD)
2026-01-18 12:34:45,312 - INFO -   + Found stream: https://embedsports.top/embed/bravo/1768705200000-edmonton-oilers-vs-vancouver-canucks/2 (French, SD/HD)
2026-01-18 12:34:45,415 - INFO - Saved event: Vancouver Canucks vs Edmonton Oilers
2026-01-18 12:34:45,418 - INFO - Processing Match: Anaheim Ducks vs Los Angeles Kings (hockey) - 1 sources
2026-01-18 12:34:45,421 - INFO - Fetching: https://streamed.pk/api/stream/bravo/1768705200000-los-angeles-kings-vs-anaheim-ducks
2026-01-18 12:34:46,268 - INFO -   + Found stream: https://embedsports.top/embed/bravo/1768705200000-los-angeles-kings-vs-anaheim-ducks/1 (Away Feed, SD/HD)
2026-01-18 12:34:46,269 - INFO -   + Found stream: https://embedsports.top/embed/bravo/1768705200000-los-angeles-kings-vs-anaheim-ducks/2 (Home Feed, SD/HD)
2026-01-18 12:34:46,371 - INFO - Saved event: Anaheim Ducks vs Los Angeles Kings
2026-01-18 12:34:46,372 - INFO - Processing Match: Vegas Golden Knights vs Nashville Predators (hockey) - 1 sources
2026-01-18 12:34:46,374 - INFO - Fetching: https://streamed.pk/api/stream/bravo/1768705200000-nashville-predators-vs-vegas-golden-knights
2026-01-18 12:34:46,983 - INFO -   + Found stream: https://embedsports.top/embed/bravo/1768705200000-nashville-predators-vs-vegas-golden-knights/1 (Away Feed, SD/HD)
2026-01-18 12:34:46,986 - INFO -   + Found stream: https://embedsports.top/embed/bravo/1768705200000-nashville-predators-vs-vegas-golden-knights/2 (Home Feed, SD/HD)
2026-01-18 12:34:47,088 - INFO - Saved event: Vegas Golden Knights vs Nashville Predators
2026-01-18 12:34:47,101 - INFO - Processing Match: Sacramento State vs Northern Colorado (basketball) - 1 sources
2026-01-18 12:34:47,106 - INFO - Fetching: https://streamed.pk/api/stream/bravo/1768705200000-northern-colorado-vs-sacramento-state
2026-01-18 12:34:47,667 - INFO -   + Found stream: https://embedsports.top/embed/bravo/1768705200000-northern-colorado-vs-sacramento-state/1 (English, SD/HD)
2026-01-18 12:34:47,769 - INFO - Saved event: Sacramento State vs Northern Colorado
2026-01-18 12:34:47,770 - INFO - Processing Match: Seattle vs Gonzaga (basketball) - 1 sources
2026-01-18 12:34:47,771 - INFO - Fetching: https://streamed.pk/api/stream/bravo/1768705200000-9-gonzaga-vs-seattle-u
2026-01-18 12:34:48,631 - INFO -   + Found stream: https://embedsports.top/embed/bravo/1768705200000-9-gonzaga-vs-seattle-u/1 (English, SD/HD)
2026-01-18 12:34:48,735 - INFO - Saved event: Seattle vs Gonzaga
2026-01-18 12:34:48,743 - INFO - Processing Match: Oklahoma State vs Kansas State (basketball) - 1 sources
2026-01-18 12:34:48,756 - INFO - Fetching: https://streamed.pk/api/stream/bravo/1768705200000-kansas-state-vs-oklahoma-state
2026-01-18 12:34:50,238 - INFO -   + Found stream: https://embedsports.top/embed/bravo/1768705200000-kansas-state-vs-oklahoma-state/1 (English, SD/HD)
2026-01-18 12:34:50,339 - INFO - Saved event: Oklahoma State vs Kansas State
2026-01-18 12:34:50,340 - INFO - Processing Match: Santa Cruz Warriors vs Valley Suns (basketball) - 1 sources
2026-01-18 12:34:50,341 - INFO - Fetching: https://streamed.pk/api/stream/bravo/1768705200000-santa-cruz-warriors-valley-suns
2026-01-18 12:34:51,594 - INFO -   + Found stream: https://embedsports.top/embed/bravo/1768705200000-santa-cruz-warriors-valley-suns/1 (English, SD/HD)
2026-01-18 12:34:51,697 - INFO - Saved event: Santa Cruz Warriors vs Valley Suns
2026-01-18 12:34:51,698 - INFO - Processing Match: Portland Trail Blazers vs Los Angeles Lakers (basketball) - 1 sources
2026-01-18 12:34:51,699 - INFO - Fetching: https://streamed.pk/api/stream/bravo/1768705200000-los-angeles-lakers-vs-portland-trail-blazers
2026-01-18 12:34:52,651 - INFO -   + Found stream: https://embedsports.top/embed/bravo/1768705200000-los-angeles-lakers-vs-portland-trail-blazers/1 (Away Feed, SD/HD)
2026-01-18 12:34:52,653 - INFO -   + Found stream: https://embedsports.top/embed/bravo/1768705200000-los-angeles-lakers-vs-portland-trail-blazers/2 (Home Feed, SD/HD)
2026-01-18 12:34:52,655 - INFO -   + Found stream: https://embedsports.top/embed/bravo/1768705200000-los-angeles-lakers-vs-portland-trail-blazers/3 (Spanish, SD/HD)
2026-01-18 12:34:52,756 - INFO - Saved event: Portland Trail Blazers vs Los Angeles Lakers
2026-01-18 12:34:52,757 - INFO - Processing Match: Utah Grizzlies vs Kansas City Mavericks (hockey) - 1 sources
2026-01-18 12:34:52,758 - INFO - Fetching: https://streamed.pk/api/stream/bravo/1768702200000-utah-grizzlies-kansas-city
2026-01-18 12:34:55,550 - INFO -   + Found stream: https://embedsports.top/embed/bravo/1768702200000-utah-grizzlies-kansas-city/1 (English, SD/HD)
2026-01-18 12:34:55,657 - INFO - Saved event: Utah Grizzlies vs Kansas City Mavericks
2026-01-18 12:34:55,658 - INFO - Processing Match: Seattle Thunderbirds vs Portland Winterhawks (hockey) - 1 sources
2026-01-18 12:34:55,659 - INFO - Fetching: https://streamed.pk/api/stream/bravo/1768698000000-portland-w-seattle-u-w-
2026-01-18 12:34:56,762 - INFO -   + Found stream: https://embedsports.top/embed/bravo/1768698000000-portland-w-seattle-u-w-/1 (English, SD/HD)
2026-01-18 12:34:56,862 - INFO - Saved event: Seattle Thunderbirds vs Portland Winterhawks
2026-01-18 12:34:56,863 - INFO - Processing Match: Washington State (W) vs San Francisco (W) (basketball) - 1 sources
2026-01-18 12:34:56,864 - INFO - Fetching: https://streamed.pk/api/stream/bravo/1768701600000-washington-state-w-san-francisco-w-
2026-01-18 12:34:58,363 - INFO -   + Found stream: https://embedsports.top/embed/bravo/1768701600000-washington-state-w-san-francisco-w-/1 (English, SD/HD)
2026-01-18 12:34:58,465 - INFO - Saved event: Washington State (W) vs San Francisco (W)
2026-01-18 12:34:58,466 - INFO - Processing Match: Herediano vs Deportivo Saprissa (football) - 1 sources
2026-01-18 12:34:58,466 - INFO - Fetching: https://streamed.pk/api/stream/bravo/1768701600000-herediano-deportivo-saprissa
2026-01-18 12:34:59,307 - INFO -   + Found stream: https://embedsports.top/embed/bravo/1768701600000-herediano-deportivo-saprissa/1 (English, SD/HD)
2026-01-18 12:34:59,407 - INFO - Saved event: Herediano vs Deportivo Saprissa
2026-01-18 12:34:59,408 - INFO - Processing Match: Tucson Roadrunners vs San Jose Barracuda (hockey) - 1 sources
2026-01-18 12:34:59,409 - INFO - Fetching: https://streamed.pk/api/stream/bravo/1768701600000-tucson-roadrunners-san-jose-barracuda
2026-01-18 12:34:59,840 - INFO -   + Found stream: https://embedsports.top/embed/bravo/1768701600000-tucson-roadrunners-san-jose-barracuda/1 (English, SD/HD)
2026-01-18 12:34:59,959 - INFO - Saved event: Tucson Roadrunners vs San Jose Barracuda
2026-01-18 12:34:59,960 - INFO - Processing Match: San Diego Gulls vs Coachella Valley Firebirds (hockey) - 1 sources
2026-01-18 12:34:59,962 - INFO - Fetching: https://streamed.pk/api/stream/bravo/1768701600000-san-diego-gulls-coachella-valley-firebirds
2026-01-18 12:35:00,455 - INFO -   + Found stream: https://embedsports.top/embed/bravo/1768701600000-san-diego-gulls-coachella-valley-firebirds/1 (English, SD/HD)
2026-01-18 12:35:00,605 - INFO - Saved event: San Diego Gulls vs Coachella Valley Firebirds
2026-01-18 12:35:00,652 - INFO - Processing Match: Code Of The Streets (fight) - 1 sources
2026-01-18 12:35:00,744 - INFO - Fetching: https://streamed.pk/api/stream/echo/ppv-event-08-gcw-code-of-the-streets-ppv-08
2026-01-18 12:35:01,529 - INFO - Processing Match: Utah Tech vs Tarleton State (basketball) - 1 sources
2026-01-18 12:35:01,531 - INFO - Fetching: https://streamed.pk/api/stream/bravo/1768701600000-tarleton-state-vs-utah-tech
2026-01-18 12:35:02,370 - INFO -   + Found stream: https://embedsports.top/embed/bravo/1768701600000-tarleton-state-vs-utah-tech/1 (English, SD/HD)
2026-01-18 12:35:02,508 - INFO - Saved event: Utah Tech vs Tarleton State
2026-01-18 12:35:02,554 - INFO - Processing Match: Montana State vs Montana (basketball) - 1 sources
2026-01-18 12:35:02,558 - INFO - Fetching: https://streamed.pk/api/stream/bravo/1768701600000-montana-vs-montana-state
2026-01-18 12:35:03,352 - INFO -   + Found stream: https://embedsports.top/embed/bravo/1768701600000-montana-vs-montana-state/1 (English, SD/HD)
2026-01-18 12:35:03,484 - INFO - Saved event: Montana State vs Montana
2026-01-18 12:35:03,488 - INFO - Processing Match: UC-Santa Barbara vs Hawaii (basketball) - 1 sources
2026-01-18 12:35:03,509 - INFO - Fetching: https://streamed.pk/api/stream/bravo/1768701600000-hawai-i-vs-uc-santa-barbara
2026-01-18 12:35:03,932 - INFO -   + Found stream: https://embedsports.top/embed/bravo/1768701600000-hawai-i-vs-uc-santa-barbara/1 (English, SD/HD)
2026-01-18 12:35:04,041 - INFO - Saved event: UC-Santa Barbara vs Hawaii
2026-01-18 12:35:04,053 - INFO - Processing Match: Loyola Marymount vs Portland (basketball) - 1 sources
2026-01-18 12:35:04,057 - INFO - Fetching: https://streamed.pk/api/stream/bravo/1768701600000-portland-vs-loyola-marymount
2026-01-18 12:35:04,895 - INFO -   + Found stream: https://embedsports.top/embed/bravo/1768701600000-portland-vs-loyola-marymount/1 (English, SD/HD)
2026-01-18 12:35:05,002 - INFO - Saved event: Loyola Marymount vs Portland
2026-01-18 12:35:05,008 - INFO - Processing Match: Weber State vs Idaho (basketball) - 1 sources
2026-01-18 12:35:05,017 - INFO - Fetching: https://streamed.pk/api/stream/bravo/1768701600000-idaho-vs-weber-state
2026-01-18 12:35:06,492 - INFO -   + Found stream: https://embedsports.top/embed/bravo/1768701600000-idaho-vs-weber-state/1 (English, SD/HD)
2026-01-18 12:35:06,593 - INFO - Saved event: Weber State vs Idaho
2026-01-18 12:35:06,594 - INFO - Processing Match: Denver Nuggets vs Washington Wizards (basketball) - 1 sources
2026-01-18 12:35:06,594 - INFO - Fetching: https://streamed.pk/api/stream/bravo/1768701600000-washington-wizards-vs-denver-nuggets
2026-01-18 12:35:07,634 - INFO -   + Found stream: https://embedsports.top/embed/bravo/1768701600000-washington-wizards-vs-denver-nuggets/1 (Away Feed, SD/HD)
2026-01-18 12:35:07,635 - INFO -   + Found stream: https://embedsports.top/embed/bravo/1768701600000-washington-wizards-vs-denver-nuggets/2 (Home Feed, SD/HD)
2026-01-18 12:35:07,736 - INFO - Saved event: Denver Nuggets vs Washington Wizards
2026-01-18 12:35:07,736 - INFO - Processing Match: Breeze W vs Vinyl W (basketball) - 1 sources
2026-01-18 12:35:07,737 - INFO - Fetching: https://streamed.pk/api/stream/bravo/1768700700000-breeze-w-vinyl-w
2026-01-18 12:35:44,895 - INFO - Fetching: https://streamed.pk/api/matches/all
2026-01-18 12:35:45,947 - INFO - Found 370 matches. Processing...
2026-01-18 12:35:45,948 - INFO - Processing Match: Iran U20 U20 vs Luxembourg U20 U20 (hockey) - 1 sources
2026-01-18 12:35:45,949 - INFO - Fetching: https://streamed.pk/api/stream/delta/live_u20-world-championship-division-iii-group-b_iran-u20-u20-luxembourg-u20-u20-live-streaming-492034608
2026-01-18 12:35:46,521 - INFO - Processing Match: Brisbane Heat vs Sydney Sixers (cricket) - 2 sources
2026-01-18 12:35:46,523 - INFO - Fetching: https://streamed.pk/api/stream/charlie/brisbane-heat-vs-sydney-sixers-1629473671
2026-01-18 12:35:47,079 - INFO -   + Found stream: https://embedsports.top/embed/charlie/brisbane-heat-vs-sydney-sixers-1629473671/1 (English, SD/HD)
2026-01-18 12:35:47,180 - INFO - Fetching: https://streamed.pk/api/stream/echo/bbl-brisbane-heat-vs-sydney-sixers-game-126262
2026-01-18 12:35:48,042 - INFO -   + Found stream: https://embedsports.top/embed/echo/bbl-brisbane-heat-vs-sydney-sixers-game-126262/1 (, SD/HD)
2026-01-18 12:35:48,044 - INFO -   + Found stream: https://embedsports.top/embed/echo/bbl-brisbane-heat-vs-sydney-sixers-game-126262/2 (, SD/HD)
2026-01-18 12:35:48,045 - INFO -   + Found stream: https://embedsports.top/embed/echo/bbl-brisbane-heat-vs-sydney-sixers-game-126262/3 (, SD/HD)
2026-01-18 12:35:48,146 - INFO - Saved event: Brisbane Heat vs Sydney Sixers
2026-01-18 12:35:48,147 - INFO - Processing Match: Australian Open vs Rod Laver Arena Sabalenka - Rakotomanga Rajaonah (tennis) - 2 sources
2026-01-18 12:35:48,149 - INFO - Fetching: https://streamed.pk/api/stream/bravo/1768723200000-australian-open-rod-laver-arena-sabalenka-rakotomanga-rajaonah
2026-01-18 12:35:48,527 - INFO -   + Found stream: https://embedsports.top/embed/bravo/1768723200000-australian-open-rod-laver-arena-sabalenka-rakotomanga-rajaonah/1 (English, SD/HD)
2026-01-18 12:35:48,628 - INFO - Fetching: https://streamed.pk/api/stream/charlie/rod-laver-arena-1629473669
2026-01-18 12:35:49,010 - INFO -   + Found stream: https://embedsports.top/embed/charlie/rod-laver-arena-1629473669/1 (English, SD/HD)
2026-01-18 12:35:49,121 - INFO - Saved event: Australian Open vs Rod Laver Arena Sabalenka - Rakotomanga Rajaonah
2026-01-18 12:35:49,132 - INFO - Processing Match: Australian Open vs John Cain Arena Danilovic - Williams (tennis) - 2 sources
2026-01-18 12:35:49,138 - INFO - Fetching: https://streamed.pk/api/stream/bravo/1768723200000-australian-open-john-cain-arena-danilovic-williams
2026-01-18 12:35:49,727 - INFO -   + Found stream: https://embedsports.top/embed/bravo/1768723200000-australian-open-john-cain-arena-danilovic-williams/1 (English, SD/HD)
2026-01-18 12:35:49,832 - INFO - Fetching: https://streamed.pk/api/stream/charlie/john-cain-arena-1629473665
2026-01-18 12:35:50,230 - INFO -   + Found stream: https://embedsports.top/embed/charlie/john-cain-arena-1629473665/1 (English, SD/HD)
2026-01-18 12:35:50,331 - INFO - Saved event: Australian Open vs John Cain Arena Danilovic - Williams
2026-01-18 12:35:50,332 - INFO - Processing Match: Australian Open vs Margaret Court Arena Bublik - Brooksby (tennis) - 2 sources
2026-01-18 12:35:50,332 - INFO - Fetching: https://streamed.pk/api/stream/bravo/1768723200000-australian-open-margaret-court-arena-bublik-brooksby
2026-01-18 12:35:50,768 - INFO -   + Found stream: https://embedsports.top/embed/bravo/1768723200000-australian-open-margaret-court-arena-bublik-brooksby/1 (English, SD/HD)
2026-01-18 12:35:50,869 - INFO - Fetching: https://streamed.pk/api/stream/charlie/margaret-court-arena-1629473648
2026-01-18 12:35:51,266 - INFO -   + Found stream: https://embedsports.top/embed/charlie/margaret-court-arena-1629473648/1 (English, SD/HD)
2026-01-18 12:35:51,367 - INFO - Saved event: Australian Open vs Margaret Court Arena Bublik - Brooksby
2026-01-18 12:35:51,368 - INFO - Processing Match: Dubai Invitational | DP World Tour (other) - 1 sources
2026-01-18 12:35:51,369 - INFO - Fetching: https://streamed.pk/api/stream/echo/dubai-invitational-dp-world-tour-pga-526234
2026-01-18 12:35:51,920 - INFO -   + Found stream: https://embedsports.top/embed/echo/dubai-invitational-dp-world-tour-pga-526234/1 (, SD/HD)
2026-01-18 12:35:51,922 - INFO -   + Found stream: https://embedsports.top/embed/echo/dubai-invitational-dp-world-tour-pga-526234/2 (, SD/HD)
2026-01-18 12:35:51,923 - INFO -   + Found stream: https://embedsports.top/embed/echo/dubai-invitational-dp-world-tour-pga-526234/3 (, SD/HD)
2026-01-18 12:35:52,025 - INFO - Saved event: Dubai Invitational | DP World Tour
2026-01-18 12:35:52,026 - INFO - Processing Match: ICC Under-19 Cricket World Cup: England vs Zimbabwe (cricket) - 1 sources
2026-01-18 12:35:52,027 - INFO - Fetching: https://streamed.pk/api/stream/charlie/england-vs-zimbabwe-1629473667
2026-01-18 12:35:52,424 - INFO -   + Found stream: https://embedsports.top/embed/charlie/england-vs-zimbabwe-1629473667/1 (English, SD/HD)
2026-01-18 12:35:52,525 - INFO - Saved event: ICC Under-19 Cricket World Cup: England vs Zimbabwe
2026-01-18 12:35:52,526 - INFO - Processing Match: Australian Open vs Kia Arena Pavlyuchenkova - Bai (tennis) - 2 sources
2026-01-18 12:35:52,527 - INFO - Fetching: https://streamed.pk/api/stream/bravo/1768717800000-australian-open-kia-arena-pavlyuchenkova-bai
2026-01-18 12:35:52,945 - INFO -   + Found stream: https://embedsports.top/embed/bravo/1768717800000-australian-open-kia-arena-pavlyuchenkova-bai/1 (English, SD/HD)
2026-01-18 12:35:53,048 - INFO - Fetching: https://streamed.pk/api/stream/charlie/kia-arena-1629473646
2026-01-18 12:35:53,628 - INFO -   + Found stream: https://embedsports.top/embed/charlie/kia-arena-1629473646/1 (English, SD/HD)
2026-01-18 12:35:53,729 - INFO - Saved event: Australian Open vs Kia Arena Pavlyuchenkova - Bai
2026-01-18 12:35:53,730 - INFO - Processing Match: Central Coast Mariners W vs Perth Glory W (football) - 1 sources
2026-01-18 12:35:53,731 - INFO - Fetching: https://streamed.pk/api/stream/bravo/1768716000000-central-coast-mariners-w-perth-glory-w
2026-01-18 12:35:54,318 - INFO -   + Found stream: https://embedsports.top/embed/bravo/1768716000000-central-coast-mariners-w-perth-glory-w/1 (English, SD/HD)
2026-01-18 12:35:54,419 - INFO - Saved event: Central Coast Mariners W vs Perth Glory W
2026-01-18 12:35:54,420 - INFO - Processing Match: Townsville W vs Canberra Capitals W (basketball) - 1 sources
2026-01-18 12:35:54,422 - INFO - Fetching: https://streamed.pk/api/stream/bravo/1768716000000-townsville-w-canberra-capitals-w
2026-01-18 12:36:41,971 - INFO - Fetching: https://streamed.pk/api/matches/all
2026-01-18 12:36:42,718 - INFO - Found 370 matches. Processing...
2026-01-18 12:36:42,719 - INFO - Processing Match: Iran U20 U20 vs Luxembourg U20 U20 (hockey) - 1 sources
2026-01-18 12:36:42,719 - INFO - Fetching: https://streamed.pk/api/stream/delta/live_u20-world-championship-division-iii-group-b_iran-u20-u20-luxembourg-u20-u20-live-streaming-492034608
2026-01-18 12:36:43,584 - INFO - Processing Match: Brisbane Heat vs Sydney Sixers (cricket) - 2 sources
2026-01-18 12:36:43,585 - INFO - Fetching: https://streamed.pk/api/stream/charlie/brisbane-heat-vs-sydney-sixers-1629473671
2026-01-18 12:36:43,996 - INFO -   + Found stream: https://embedsports.top/embed/charlie/brisbane-heat-vs-sydney-sixers-1629473671/1 (English, SD/HD)
2026-01-18 12:36:44,098 - INFO - Fetching: https://streamed.pk/api/stream/echo/bbl-brisbane-heat-vs-sydney-sixers-game-126262
2026-01-18 12:36:44,682 - INFO -   + Found stream: https://embedsports.top/embed/echo/bbl-brisbane-heat-vs-sydney-sixers-game-126262/1 (, SD/HD)
2026-01-18 12:36:44,684 - INFO -   + Found stream: https://embedsports.top/embed/echo/bbl-brisbane-heat-vs-sydney-sixers-game-126262/2 (, SD/HD)
2026-01-18 12:36:44,684 - INFO -   + Found stream: https://embedsports.top/embed/echo/bbl-brisbane-heat-vs-sydney-sixers-game-126262/3 (, SD/HD)
2026-01-18 12:36:44,786 - INFO - Saved event: Brisbane Heat vs Sydney Sixers
2026-01-18 12:36:44,786 - INFO - Processing Match: Australian Open vs Rod Laver Arena Sabalenka - Rakotomanga Rajaonah (tennis) - 2 sources
2026-01-18 12:36:44,787 - INFO - Fetching: https://streamed.pk/api/stream/bravo/1768723200000-australian-open-rod-laver-arena-sabalenka-rakotomanga-rajaonah
2026-01-18 12:36:45,180 - INFO -   + Found stream: https://embedsports.top/embed/bravo/1768723200000-australian-open-rod-laver-arena-sabalenka-rakotomanga-rajaonah/1 (English, SD/HD)
2026-01-18 12:36:45,281 - INFO - Fetching: https://streamed.pk/api/stream/charlie/rod-laver-arena-1629473669
2026-01-18 12:36:45,851 - INFO -   + Found stream: https://embedsports.top/embed/charlie/rod-laver-arena-1629473669/1 (English, SD/HD)
2026-01-18 12:36:45,953 - INFO - Saved event: Australian Open vs Rod Laver Arena Sabalenka - Rakotomanga Rajaonah
2026-01-18 12:36:45,954 - INFO - Processing Match: Australian Open vs John Cain Arena Danilovic - Williams (tennis) - 2 sources
2026-01-18 12:36:45,954 - INFO - Fetching: https://streamed.pk/api/stream/bravo/1768723200000-australian-open-john-cain-arena-danilovic-williams
2026-01-18 12:36:46,331 - INFO -   + Found stream: https://embedsports.top/embed/bravo/1768723200000-australian-open-john-cain-arena-danilovic-williams/1 (English, SD/HD)
2026-01-18 12:36:46,432 - INFO - Fetching: https://streamed.pk/api/stream/charlie/john-cain-arena-1629473665
2026-01-18 12:36:47,334 - INFO -   + Found stream: https://embedsports.top/embed/charlie/john-cain-arena-1629473665/1 (English, SD/HD)
2026-01-18 12:36:47,435 - INFO - Saved event: Australian Open vs John Cain Arena Danilovic - Williams
2026-01-18 12:36:47,438 - INFO - Processing Match: Australian Open vs Margaret Court Arena Bublik - Brooksby (tennis) - 2 sources
2026-01-18 12:36:47,444 - INFO - Fetching: https://streamed.pk/api/stream/bravo/1768723200000-australian-open-margaret-court-arena-bublik-brooksby
2026-01-18 12:36:48,105 - INFO -   + Found stream: https://embedsports.top/embed/bravo/1768723200000-australian-open-margaret-court-arena-bublik-brooksby/1 (English, SD/HD)
2026-01-18 12:36:48,207 - INFO - Fetching: https://streamed.pk/api/stream/charlie/margaret-court-arena-1629473648
2026-01-18 12:36:48,596 - INFO -   + Found stream: https://embedsports.top/embed/charlie/margaret-court-arena-1629473648/1 (English, SD/HD)
2026-01-18 12:36:48,697 - INFO - Saved event: Australian Open vs Margaret Court Arena Bublik - Brooksby
2026-01-18 12:36:48,698 - INFO - Reached limit of 5 matches. Stopping.
2026-01-18 12:36:48,701 - INFO - Successfully saved 4 events to streamed_events.json
2026-01-18 12:36:48,702 - INFO - Scraper finished.
