2026-01-18 12:45:30,029 - INFO - The Winter is Coming. The Scribe begins his work.
2026-01-18 12:45:30,031 - INFO - Sending raven to: https://streamed.pk/api/matches/all
2026-01-18 12:45:30,791 - INFO - Found 256 potential entries in the scrolls.
2026-01-18 12:45:30,792 - INFO - Consulting visions for: Iran U20 U20 vs Luxembourg U20 U20
2026-01-18 12:45:30,792 - INFO - Sending raven to: https://streamed.pk/api/stream/delta/live_u20-world-championship-division-iii-group-b_iran-u20-u20-luxembourg-u20-u20-live-streaming-492034608
2026-01-18 12:45:31,490 - INFO - Consulting visions for: Brisbane Heat vs Sydney Sixers
2026-01-18 12:45:31,730 - INFO - Sending raven to: https://streamed.pk/api/stream/charlie/brisbane-heat-vs-sydney-sixers-1629473671
2026-01-18 12:45:32,443 - INFO - Sending raven to: https://streamed.pk/api/stream/echo/bbl-brisbane-heat-vs-sydney-sixers-game-126262
2026-01-18 12:45:32,979 - INFO - Consulting visions for: Australian Open vs Rod Laver Arena Sabalenka - Rakotomanga Rajaonah
2026-01-18 12:45:32,983 - INFO - Sending raven to: https://streamed.pk/api/stream/bravo/1768723200000-australian-open-rod-laver-arena-sabalenka-rakotomanga-rajaonah
2026-01-18 12:45:35,666 - INFO - Sending raven to: https://streamed.pk/api/stream/charlie/rod-laver-arena-1629473669
2026-01-18 12:45:37,948 - INFO - Consulting visions for: Australian Open vs John Cain Arena Danilovic - Williams
2026-01-18 12:45:37,948 - INFO - Sending raven to: https://streamed.pk/api/stream/bravo/1768723200000-australian-open-john-cain-arena-danilovic-williams
2026-01-18 12:45:38,879 - INFO - Sending raven to: https://streamed.pk/api/stream/charlie/john-cain-arena-1629473665
2026-01-18 12:45:39,636 - INFO - Consulting visions for: Australian Open vs Margaret Court Arena Bublik - Brooksby
2026-01-18 12:45:39,636 - INFO - Sending raven to: https://streamed.pk/api/stream/bravo/1768723200000-australian-open-margaret-court-arena-bublik-brooksby
2026-01-18 12:45:40,600 - INFO - Sending raven to: https://streamed.pk/api/stream/charlie/margaret-court-arena-1629473648
2026-01-18 12:45:41,560 - INFO - Consulting visions for: Dubai Invitational | DP World Tour
2026-01-18 12:45:41,561 - INFO - Sending raven to: https://streamed.pk/api/stream/echo/dubai-invitational-dp-world-tour-pga-526234
2026-01-18 12:45:42,317 - INFO - The Maester is tired. Stopping after 5 entries.
2026-01-18 12:45:42,463 - INFO - Updating the chronicles for: Brisbane Heat vs Sydney Sixers
2026-01-18 12:45:42,464 - INFO - Updating the chronicles for: Australian Open vs Rod Laver Arena Sabalenka - Rakotomanga Rajaonah
2026-01-18 12:45:42,466 - INFO - Updating the chronicles for: Australian Open vs John Cain Arena Danilovic - Williams
2026-01-18 12:45:42,466 - INFO - Updating the chronicles for: Australian Open vs Margaret Court Arena Bublik - Brooksby
2026-01-18 12:45:42,467 - INFO - Inscribing new event: Dubai Invitational | DP World Tour
2026-01-18 12:45:42,468 - INFO - The Archives have been updated. Total: 5. Removed: 0 ancient scrolls.
2026-01-18 12:45:42,469 - INFO - The Scribe rests.
